2024-09-30 08:11:07,052 [INFO] Activator:176 - 


2024-09-30 08:11:07,067 [INFO] Activator:177 - !SESSION log4j initialized
2024-09-30 08:11:17,127 [INFO] LogOutputStream:77 - [STDOUT_REDIRECT] 
2024-09-30 08:11:18,988 [INFO] ApplicationProperties:184 - Using Application install path: C:\ST\STM32CubeIDE_1.13.0\STM32CubeIDE\plugins\com.st.stm32cube.common.mx_6.10.0.202311202037
2024-09-30 08:11:19,005 [INFO] DbMcusXml:78 - Set database path to: C:\ST\STM32CubeIDE_1.13.0\STM32CubeIDE\plugins\com.st.stm32cube.common.mx_6.10.0.202311202037\\db\/mcu/
2024-09-30 08:11:19,005 [INFO] ApiDb:274 - Set plugin database path to: C:\ST\STM32CubeIDE_1.13.0\STM32CubeIDE\plugins\com.st.stm32cube.common.mx_6.10.0.202311202037\\db\/plugins/boardmanager/
2024-09-30 08:11:19,006 [WARN] ApiDb:259 - Overriding images path with different value:  => C:\ST\STM32CubeIDE_1.13.0\STM32CubeIDE\plugins\com.st.stm32cube.common.mx_6.10.0.202311202037\\db\/plugins/mcufinder/images/
2024-09-30 08:11:19,017 [INFO] ApiDb:250 - Set database path to: C:\Users\Admin\.stmcufinder\plugins\mcufinder//mcu/
2024-09-30 08:11:19,019 [INFO] DbMcusAds:125 - Set database path to: C:\Users\Admin\.stmcufinder\plugins\mcufinder//mcu/
2024-09-30 08:11:19,840 [INFO] CrossReferenceDbSqlite:203 - Set database path to: C:\Users\Admin\.stmcufinder\plugins\mcufinder//mcu/cs/
2024-09-30 08:11:19,950 [INFO] RulesReader:64 - Compatibility file has been processed (297 Rules)
2024-09-30 08:11:20,057 [INFO] DbMcusXml:78 - Set database path to: C:\ST\STM32CubeIDE_1.13.0\STM32CubeIDE\plugins\com.st.stm32cube.common.mx_6.10.0.202311202037\\db\/mcu/
2024-09-30 08:11:20,057 [INFO] ApiDb:274 - Set plugin database path to: C:\ST\STM32CubeIDE_1.13.0\STM32CubeIDE\plugins\com.st.stm32cube.common.mx_6.10.0.202311202037\\db\/plugins/boardmanager/
2024-09-30 08:11:20,057 [INFO] ApiDb:261 - Set plugin images path to: C:\ST\STM32CubeIDE_1.13.0\STM32CubeIDE\plugins\com.st.stm32cube.common.mx_6.10.0.202311202037\\db\/plugins/mcufinder/images/
2024-09-30 08:11:20,057 [WARN] DbFile:41 - Overriding database path with different value: C:\Users\Admin\.stmcufinder\plugins\mcufinder/ => C:\Users\Admin\.stmcufinder\plugins\mcufinder
2024-09-30 08:11:20,057 [INFO] ApiDb:250 - Set database path to: C:\Users\Admin\.stmcufinder\plugins\mcufinder//mcu/
2024-09-30 08:11:20,057 [WARN] DbFile:41 - Overriding database path with different value: C:\Users\Admin\.stmcufinder\plugins\mcufinder/ => C:\Users\Admin\.stmcufinder\plugins\mcufinder
2024-09-30 08:11:20,057 [INFO] DbMcusAds:125 - Set database path to: C:\Users\Admin\.stmcufinder\plugins\mcufinder//mcu/
2024-09-30 08:11:20,058 [WARN] DbFile:41 - Overriding database path with different value: C:\Users\Admin\.stmcufinder\plugins\mcufinder/ => C:\Users\Admin\.stmcufinder\plugins\mcufinder
2024-09-30 08:11:20,058 [WARN] DbFile:41 - Overriding database path with different value: C:\Users\Admin\.stmcufinder\plugins\mcufinder/ => C:\Users\Admin\.stmcufinder\plugins\mcufinder
2024-09-30 08:11:20,837 [INFO] CrossReferenceDbSqlite:203 - Set database path to: C:\Users\Admin\.stmcufinder\plugins\mcufinder//mcu/cs/
2024-09-30 08:11:20,929 [INFO] MainPanel:264 - HeapMemory: 268435456
2024-09-30 08:11:21,039 [INFO] DbMcusXml:78 - Set database path to: C:\ST\STM32CubeIDE_1.13.0\STM32CubeIDE\plugins\com.st.stm32cube.common.mx_6.10.0.202311202037\\db\/mcu/
2024-09-30 08:11:21,040 [INFO] ApiDb:274 - Set plugin database path to: C:\ST\STM32CubeIDE_1.13.0\STM32CubeIDE\plugins\com.st.stm32cube.common.mx_6.10.0.202311202037\\db\/plugins/boardmanager/
2024-09-30 08:11:21,040 [INFO] ApiDb:261 - Set plugin images path to: C:\ST\STM32CubeIDE_1.13.0\STM32CubeIDE\plugins\com.st.stm32cube.common.mx_6.10.0.202311202037\\db\/plugins/mcufinder/images/
2024-09-30 08:11:21,040 [WARN] DbFile:41 - Overriding database path with different value: C:\Users\Admin\.stmcufinder\plugins\mcufinder/ => C:\Users\Admin\.stmcufinder\plugins\mcufinder
2024-09-30 08:11:21,040 [INFO] ApiDb:250 - Set database path to: C:\Users\Admin\.stmcufinder\plugins\mcufinder//mcu/
2024-09-30 08:11:21,040 [WARN] DbFile:41 - Overriding database path with different value: C:\Users\Admin\.stmcufinder\plugins\mcufinder/ => C:\Users\Admin\.stmcufinder\plugins\mcufinder
2024-09-30 08:11:21,040 [INFO] DbMcusAds:125 - Set database path to: C:\Users\Admin\.stmcufinder\plugins\mcufinder//mcu/
2024-09-30 08:11:21,040 [WARN] DbFile:41 - Overriding database path with different value: C:\Users\Admin\.stmcufinder\plugins\mcufinder/ => C:\Users\Admin\.stmcufinder\plugins\mcufinder
2024-09-30 08:11:21,040 [WARN] DbFile:41 - Overriding database path with different value: C:\Users\Admin\.stmcufinder\plugins\mcufinder/ => C:\Users\Admin\.stmcufinder\plugins\mcufinder
2024-09-30 08:11:21,845 [INFO] CrossReferenceDbSqlite:203 - Set database path to: C:\Users\Admin\.stmcufinder\plugins\mcufinder//mcu/cs/
2024-09-30 08:11:21,866 [INFO] ApplicationProperties:184 - Using Application install path: C:\ST\STM32CubeIDE_1.13.0\STM32CubeIDE\plugins\com.st.stm32cube.common.mx_6.10.0.202311202037
2024-09-30 08:11:21,867 [INFO] PluginManage:196 - Search for loadable plugins [exclusion list=, ]
2024-09-30 08:11:21,869 [INFO] PluginManage:310 - Check plugin analytics
2024-09-30 08:11:22,907 [INFO] AnalyticsPlugin:253 - Accepted Software Licenses: 
2024-09-30 08:11:22,914 [INFO] AnalyticsPlugin:255 - Accepted CMSIS Pack Licenses: 
2024-09-30 08:11:22,915 [INFO] AnalyticsPlugin:257 - Accepted Firmware Licenses: 
2024-09-30 08:11:22,919 [INFO] PluginManage:359 - Loaded plugin analytics (category:tool,tabindex:-1)
2024-09-30 08:11:22,919 [INFO] PluginManage:310 - Check plugin cadmodel
2024-09-30 08:11:22,933 [INFO] CADModel:105 - Init CAD model plugin
2024-09-30 08:11:22,933 [INFO] PluginManage:359 - Loaded plugin cadmodel (category:power,tabindex:5)
2024-09-30 08:11:22,933 [INFO] PluginManage:310 - Check plugin clock
2024-09-30 08:11:22,960 [INFO] PluginManage:359 - Loaded plugin clock (category:base,tabindex:2)
2024-09-30 08:11:22,960 [INFO] PluginManage:310 - Check plugin ddr
2024-09-30 08:11:22,963 [INFO] PluginManage:359 - Loaded plugin ddr (category:tool,tabindex:6)
2024-09-30 08:11:22,963 [INFO] PluginManage:310 - Check plugin filemanager
2024-09-30 08:11:23,090 [INFO] PluginManage:359 - Loaded plugin filemanager (category:base,tabindex:10)
2024-09-30 08:11:23,090 [INFO] PluginManage:310 - Check plugin ipmanager
2024-09-30 08:11:23,098 [INFO] PluginManage:359 - Loaded plugin ipmanager (category:base,tabindex:5)
2024-09-30 08:11:23,098 [INFO] PluginManage:310 - Check plugin lpbam
2024-09-30 08:11:23,114 [INFO] PluginManage:359 - Loaded plugin lpbam (category:base,tabindex:0)
2024-09-30 08:11:23,114 [INFO] PluginManage:310 - Check plugin memorymap
2024-09-30 08:11:23,137 [INFO] PluginManage:359 - Loaded plugin memorymap (category:base,tabindex:4)
2024-09-30 08:11:23,137 [INFO] PluginManage:310 - Check plugin pinoutandconfiguration
2024-09-30 08:11:23,151 [INFO] PluginManage:359 - Loaded plugin pinoutandconfiguration (category:base,tabindex:1)
2024-09-30 08:11:23,152 [INFO] PluginManage:310 - Check plugin pinoutconfig
2024-09-30 08:11:23,227 [WARN] SupportedApi:132 - Cannot load RTOS API schema: s4s-elt-must-match.1: The content of 'definitions' must match (annotation?, (simpleType | complexType)?, (unique | key | keyref)*)). A problem was found starting at: attribute.
2024-09-30 08:11:23,340 [INFO] PluginManage:359 - Loaded plugin pinoutconfig (category:base,tabindex:0)
2024-09-30 08:11:23,340 [INFO] PluginManage:310 - Check plugin power
2024-09-30 08:11:23,359 [INFO] PluginManage:359 - Loaded plugin power (category:power,tabindex:4)
2024-09-30 08:11:23,359 [INFO] PluginManage:310 - Check plugin projectmanager
2024-09-30 08:11:23,372 [INFO] PluginManage:359 - Loaded plugin projectmanager (category:projectmanager,tabindex:3)
2024-09-30 08:11:23,372 [INFO] PluginManage:310 - Check plugin thirdparty
2024-09-30 08:11:23,611 [INFO] PluginManage:359 - Loaded plugin thirdparty (category:base,tabindex:-1)
2024-09-30 08:11:23,612 [INFO] PluginManage:310 - Check plugin tools
2024-09-30 08:11:23,611 [WARN] IntegrityCheckThread:84 - waiting for thirdparty lock release [integrity check]
2024-09-30 08:11:23,612 [INFO] IntegrityCheckThread:86 - entering critical section [integrity check]
2024-09-30 08:11:23,612 [INFO] ThirdPartyUpdaterWithRetryManager:70 - Updater plugin not ready yet. [1/15]
2024-09-30 08:11:23,639 [INFO] PluginManage:359 - Loaded plugin tools (category:base,tabindex:7)
2024-09-30 08:11:23,639 [INFO] PluginManage:310 - Check plugin tutovideos
2024-09-30 08:11:23,807 [INFO] PluginManage:359 - Loaded plugin tutovideos (category:base,tabindex:-1)
2024-09-30 08:11:23,807 [INFO] PluginManage:310 - Check plugin updater
2024-09-30 08:11:23,817 [INFO] PluginManage:359 - Loaded plugin updater (category:base,tabindex:12)
2024-09-30 08:11:23,817 [INFO] PluginManage:310 - Check plugin userauth
2024-09-30 08:11:23,824 [INFO] UserAuth:114 - Init User Auth plugin
2024-09-30 08:11:23,824 [INFO] PluginManage:359 - Loaded plugin userauth (category:base,tabindex:14)
2024-09-30 08:11:23,825 [INFO] PluginManage:283 - PluginManage : Loaded plugins [17]
2024-09-30 08:11:24,001 [INFO] PinOutPanel:1499 - setPackage(No Configuration,No Configuration)
2024-09-30 08:11:24,063 [INFO] CADModel:165 - CPN selected for project level
2024-09-30 08:11:24,063 [INFO] CADModel:114 - Register for checkConnection events
2024-09-30 08:11:24,087 [INFO] IPUIPlugin:80 - create IPUIPlugin
2024-09-30 08:11:24,087 [INFO] PluginManager:220 - loadIPPluginJar : add adc
2024-09-30 08:11:24,114 [INFO] IPUIPlugin:80 - create IPUIPlugin
2024-09-30 08:11:24,114 [INFO] PluginManager:220 - loadIPPluginJar : add aes
2024-09-30 08:11:24,144 [INFO] IPUIPlugin:80 - create IPUIPlugin
2024-09-30 08:11:24,144 [INFO] PluginManager:220 - loadIPPluginJar : add can
2024-09-30 08:11:24,162 [INFO] IPUIPlugin:80 - create IPUIPlugin
2024-09-30 08:11:24,162 [INFO] PluginManager:220 - loadIPPluginJar : add comp
2024-09-30 08:11:24,189 [INFO] IPUIPlugin:80 - create IPUIPlugin
2024-09-30 08:11:24,189 [INFO] PluginManager:220 - loadIPPluginJar : add cryp
2024-09-30 08:11:24,211 [INFO] IPUIPlugin:80 - create IPUIPlugin
2024-09-30 08:11:24,211 [INFO] PluginManager:220 - loadIPPluginJar : add dfsdm
2024-09-30 08:11:24,225 [INFO] IPUIPlugin:80 - create IPUIPlugin
2024-09-30 08:11:24,225 [INFO] PluginManager:220 - loadIPPluginJar : add dma
2024-09-30 08:11:24,256 [INFO] IPUIPlugin:80 - create IPUIPlugin
2024-09-30 08:11:24,256 [INFO] PluginManager:220 - loadIPPluginJar : add dma3
2024-09-30 08:11:24,272 [INFO] IPUIPlugin:80 - create IPUIPlugin
2024-09-30 08:11:24,272 [INFO] PluginManager:220 - loadIPPluginJar : add fatfs
2024-09-30 08:11:24,309 [INFO] IPUIPlugin:80 - create IPUIPlugin
2024-09-30 08:11:24,309 [INFO] PluginManager:220 - loadIPPluginJar : add fmc
2024-09-30 08:11:24,322 [INFO] IPUIPlugin:80 - create IPUIPlugin
2024-09-30 08:11:24,322 [INFO] PluginManager:220 - loadIPPluginJar : add freertos
2024-09-30 08:11:24,339 [INFO] IPUIPlugin:80 - create IPUIPlugin
2024-09-30 08:11:24,340 [INFO] PluginManager:220 - loadIPPluginJar : add genericplugin
2024-09-30 08:11:24,416 [INFO] IPUIPlugin:80 - create IPUIPlugin
2024-09-30 08:11:24,416 [INFO] PluginManager:220 - loadIPPluginJar : add gfxmmu
2024-09-30 08:11:24,514 [INFO] IPUIPlugin:80 - create IPUIPlugin
2024-09-30 08:11:24,514 [INFO] PluginManager:220 - loadIPPluginJar : add gic
2024-09-30 08:11:24,528 [INFO] IPUIPlugin:80 - create IPUIPlugin
2024-09-30 08:11:24,528 [INFO] PluginManager:220 - loadIPPluginJar : add gpio
2024-09-30 08:11:24,604 [INFO] IPUIPlugin:80 - create IPUIPlugin
2024-09-30 08:11:24,605 [INFO] PluginManager:220 - loadIPPluginJar : add gtzc
2024-09-30 08:11:24,628 [INFO] IPUIPlugin:80 - create IPUIPlugin
2024-09-30 08:11:24,629 [INFO] PluginManager:220 - loadIPPluginJar : add hash
2024-09-30 08:11:24,676 [INFO] IPUIPlugin:80 - create IPUIPlugin
2024-09-30 08:11:24,676 [INFO] PluginManager:220 - loadIPPluginJar : add i2c
2024-09-30 08:11:24,707 [INFO] IPUIPlugin:80 - create IPUIPlugin
2024-09-30 08:11:24,707 [INFO] PluginManager:220 - loadIPPluginJar : add i2s
2024-09-30 08:11:24,737 [INFO] IPUIPlugin:80 - create IPUIPlugin
2024-09-30 08:11:24,737 [INFO] PluginManager:220 - loadIPPluginJar : add i3c
2024-09-30 08:11:24,815 [INFO] IPUIPlugin:80 - create IPUIPlugin
2024-09-30 08:11:24,815 [INFO] PluginManager:220 - loadIPPluginJar : add ipddr
2024-09-30 08:11:24,888 [INFO] IPUIPlugin:80 - create IPUIPlugin
2024-09-30 08:11:24,888 [INFO] PluginManager:220 - loadIPPluginJar : add linkedlist
2024-09-30 08:11:24,920 [INFO] IPUIPlugin:80 - create IPUIPlugin
2024-09-30 08:11:24,920 [INFO] PluginManager:220 - loadIPPluginJar : add lorawan
2024-09-30 08:11:24,950 [INFO] IPUIPlugin:80 - create IPUIPlugin
2024-09-30 08:11:24,951 [INFO] PluginManager:220 - loadIPPluginJar : add ltdc
2024-09-30 08:11:24,964 [INFO] IPUIPlugin:80 - create IPUIPlugin
2024-09-30 08:11:24,964 [INFO] PluginManager:220 - loadIPPluginJar : add mdma
2024-09-30 08:11:24,977 [INFO] IPUIPlugin:80 - create IPUIPlugin
2024-09-30 08:11:24,977 [INFO] PluginManager:220 - loadIPPluginJar : add nvic
2024-09-30 08:11:25,008 [INFO] IPUIPlugin:80 - create IPUIPlugin
2024-09-30 08:11:25,008 [INFO] PluginManager:220 - loadIPPluginJar : add opamp
2024-09-30 08:11:25,056 [INFO] IPUIPlugin:80 - create IPUIPlugin
2024-09-30 08:11:25,056 [INFO] PluginManager:220 - loadIPPluginJar : add openamp
2024-09-30 08:11:25,089 [INFO] IPUIPlugin:80 - create IPUIPlugin
2024-09-30 08:11:25,089 [INFO] PluginManager:220 - loadIPPluginJar : add pdm2pcm
2024-09-30 08:11:25,103 [INFO] IPUIPlugin:80 - create IPUIPlugin
2024-09-30 08:11:25,105 [INFO] PluginManager:220 - loadIPPluginJar : add plateformsettings
2024-09-30 08:11:25,123 [INFO] IPUIPlugin:80 - create IPUIPlugin
2024-09-30 08:11:25,123 [INFO] PluginManager:220 - loadIPPluginJar : add quadspi
2024-09-30 08:11:25,135 [INFO] IPUIPlugin:80 - create IPUIPlugin
2024-09-30 08:11:25,135 [INFO] PluginManager:220 - loadIPPluginJar : add resmgrutility
2024-09-30 08:11:25,174 [INFO] IPUIPlugin:80 - create IPUIPlugin
2024-09-30 08:11:25,174 [INFO] PluginManager:220 - loadIPPluginJar : add sai
2024-09-30 08:11:25,220 [INFO] IPUIPlugin:80 - create IPUIPlugin
2024-09-30 08:11:25,220 [INFO] PluginManager:220 - loadIPPluginJar : add spi
2024-09-30 08:11:25,285 [INFO] IPUIPlugin:80 - create IPUIPlugin
2024-09-30 08:11:25,285 [INFO] PluginManager:220 - loadIPPluginJar : add stm32_wpan
2024-09-30 08:11:25,306 [INFO] IPUIPlugin:80 - create IPUIPlugin
2024-09-30 08:11:25,306 [INFO] PluginManager:220 - loadIPPluginJar : add tim
2024-09-30 08:11:25,360 [INFO] IPUIPlugin:80 - create IPUIPlugin
2024-09-30 08:11:25,360 [INFO] PluginManager:220 - loadIPPluginJar : add touchsensing
2024-09-30 08:11:25,381 [INFO] IPUIPlugin:80 - create IPUIPlugin
2024-09-30 08:11:25,383 [INFO] PluginManager:220 - loadIPPluginJar : add tracer_emb
2024-09-30 08:11:25,405 [INFO] IPUIPlugin:80 - create IPUIPlugin
2024-09-30 08:11:25,405 [INFO] PluginManager:220 - loadIPPluginJar : add ts
2024-09-30 08:11:25,424 [INFO] IPUIPlugin:80 - create IPUIPlugin
2024-09-30 08:11:25,424 [INFO] PluginManager:220 - loadIPPluginJar : add tsc
2024-09-30 08:11:25,445 [INFO] IPUIPlugin:80 - create IPUIPlugin
2024-09-30 08:11:25,445 [INFO] PluginManager:220 - loadIPPluginJar : add ucpd
2024-09-30 08:11:25,487 [INFO] IPUIPlugin:80 - create IPUIPlugin
2024-09-30 08:11:25,488 [INFO] PluginManager:220 - loadIPPluginJar : add usart
2024-09-30 08:11:25,521 [INFO] IPUIPlugin:80 - create IPUIPlugin
2024-09-30 08:11:25,522 [INFO] PluginManager:220 - loadIPPluginJar : add usbx
2024-09-30 08:11:25,642 [INFO] CADModel:165 - CPN selected for project level
2024-09-30 08:11:25,643 [INFO] CADModel:114 - Register for checkConnection events
2024-09-30 08:11:25,643 [FATAL] Updater:308 - Updater called before beeing initialized
2024-09-30 08:11:25,643 [ERROR] CADModel:125 - Updater not yet initialized, retry later 
2024-09-30 08:11:25,810 [INFO] CADModel:165 - CPN selected for project level
2024-09-30 08:11:25,810 [INFO] CADModel:114 - Register for checkConnection events
2024-09-30 08:11:25,810 [FATAL] Updater:308 - Updater called before beeing initialized
2024-09-30 08:11:25,811 [ERROR] CADModel:125 - Updater not yet initialized, retry later 
2024-09-30 08:11:25,814 [FATAL] Updater:308 - Updater called before beeing initialized
2024-09-30 08:11:25,917 [FATAL] Updater:308 - Updater called before beeing initialized
2024-09-30 08:11:25,925 [INFO] DbMcusAds:53 - JSON generation date=Fri Sep 20 20:04:23 ICT 2024 (1726837463113)
2024-09-30 08:11:25,927 [FATAL] Updater:308 - Updater called before beeing initialized
2024-09-30 08:11:25,994 [WARN] DetailPanel:346 - Failed to get advertising image, set to default
2024-09-30 08:11:26,056 [FATAL] Updater:308 - Updater called before beeing initialized
2024-09-30 08:11:26,057 [FATAL] Updater:308 - Updater called before beeing initialized
2024-09-30 08:11:26,057 [FATAL] Updater:308 - Updater called before beeing initialized
2024-09-30 08:11:26,058 [WARN] DetailPanel:346 - Failed to get advertising image, set to default
2024-09-30 08:11:26,058 [FATAL] Updater:308 - Updater called before beeing initialized
2024-09-30 08:11:26,109 [ERROR] Updater:1120 - MainUpdater not yet initialized. External WinMGr cannot be set.
2024-09-30 08:11:26,121 [INFO] Updater:1056 - Updater Version found : 6.10.0
2024-09-30 08:11:26,143 [INFO] ApplicationProperties:184 - Using Application install path: C:\ST\STM32CubeIDE_1.13.0\STM32CubeIDE\plugins\com.st.stm32cube.common.mx_6.10.0.202311202037
2024-09-30 08:11:26,615 [INFO] ThirdPartyUpdaterWithRetryManager:70 - Updater plugin not ready yet. [2/15]
2024-09-30 08:11:26,815 [INFO] MainUpdater:2873 - connection check result : 10
2024-09-30 08:11:26,816 [INFO] MainUpdater:290 - Updater Check For Update Now.
2024-09-30 08:11:26,816 [INFO] MicroXplorer:498 - Change Database Version : DB.6.0.100
2024-09-30 08:11:26,832 [INFO] McuFinderGlobals:63 - Set McuFinder mode to 2 (CubeIDE integrated)
2024-09-30 08:11:26,847 [INFO] UserAuth:404 - Internet connection configuration mode: 1
2024-09-30 08:11:26,893 [INFO] JxBrowserEngine:152 - Initiate JxBrowser Engine with user profile folder
2024-09-30 08:11:27,009 [INFO] CheckServerUpdateThread:120 - End of CheckServer Thread
2024-09-30 08:11:29,150 [INFO] WebApp:161 - Instantiating new browser for Auth
2024-09-30 08:11:29,767 [INFO] WebApp:780 - Register for checkConnection events
2024-09-30 08:11:29,767 [INFO] WebApp:414 - Apply proxy settings
2024-09-30 08:11:29,768 [INFO] WebApp:499 - Chromium requires no authentication
2024-09-30 08:11:29,777 [INFO] WebApp:442 - Direct internet connection detected
2024-09-30 08:11:29,801 [WARN] PackLoader:240 - Cannot read IP mode file for STMicroelectronics.X-CUBE-SMBUS.2.1.0
2024-09-30 08:11:29,814 [WARN] PackLoader:240 - Cannot read IP mode file for STMicroelectronics.X-CUBE-TOUCHGFX.4.23.0
2024-09-30 08:11:29,823 [WARN] PackLoader:240 - Cannot read IP mode file for STMicroelectronics.X-CUBE-TOUCHGFX.4.23.2
2024-09-30 08:11:29,854 [WARN] PackLoader:240 - Cannot read IP mode file for STMicroelectronics.X-CUBE-AZRTOS-F7.1.1.0
2024-09-30 08:11:29,872 [WARN] PackLoader:240 - Cannot read IP mode file for STMicroelectronics.FP-SNS-MOTENV1.4.3.2
2024-09-30 08:11:29,938 [WARN] PackLoader:240 - Cannot read IP mode file for STMicroelectronics.X-CUBE-MEMS1.11.0.0
2024-09-30 08:11:30,030 [WARN] PackLoader:240 - Cannot read IP mode file for STMicroelectronics.X-CUBE-BLE1.6.2.4
2024-09-30 08:11:30,043 [WARN] PackLoader:240 - Cannot read IP mode file for STMicroelectronics.X-CUBE-DISPLAY.3.0.0
2024-09-30 08:11:30,055 [WARN] PackLoader:240 - Cannot read IP mode file for STMicroelectronics.X-CUBE-BLE1.7.0.0
2024-09-30 08:11:30,065 [WARN] PackLoader:240 - Cannot read IP mode file for STMicroelectronics.X-CUBE-NFC10.1.0.0
2024-09-30 08:11:30,078 [WARN] PackLoader:240 - Cannot read IP mode file for emotas.I-CUBE-CANOPEN.1.3.0
2024-09-30 08:11:30,087 [WARN] PackLoader:240 - Cannot read IP mode file for STMicroelectronics.X-CUBE-TOUCHGFX.4.22.0
2024-09-30 08:11:30,096 [WARN] PackLoader:240 - Cannot read IP mode file for STMicroelectronics.X-CUBE-TOUCHGFX.4.22.1
2024-09-30 08:11:30,111 [WARN] PackLoader:240 - Cannot read IP mode file for STMicroelectronics.X-CUBE-BLEMGR.3.1.0
2024-09-30 08:11:30,124 [WARN] PackLoader:240 - Cannot read IP mode file for STMicroelectronics.FP-SNS-SMARTAG2.1.2.0
2024-09-30 08:11:30,151 [INFO] LogOutputStream:77 - [STDOUT_REDIRECT] 1 : Invalid condition id : UX_CORESTACK_Condition cause : null
2024-09-30 08:11:30,152 [INFO] LogOutputStream:77 - [STDOUT_REDIRECT] 1 : Invalid condition id : UX_CORESTACK_Condition cause : null
2024-09-30 08:11:30,153 [INFO] LogOutputStream:77 - [STDOUT_REDIRECT] 1 : Invalid condition id : UX_CORESTACK_Condition cause : null
2024-09-30 08:11:30,156 [INFO] LogOutputStream:77 - [STDOUT_REDIRECT] 1 : Invalid condition id : UX_CORESTACK_Condition cause : null
2024-09-30 08:11:30,158 [INFO] LogOutputStream:77 - [STDOUT_REDIRECT] 1 : Invalid condition id : UX_CORESTACK_Condition cause : null
2024-09-30 08:11:30,163 [WARN] PackLoader:240 - Cannot read IP mode file for STMicroelectronics.X-CUBE-AZRTOS-WL.2.0.0
2024-09-30 08:11:30,186 [WARN] PackLoader:240 - Cannot read IP mode file for wolfSSL.I-CUBE-wolfMQTT.1.19.0
2024-09-30 08:11:30,215 [WARN] PackLoader:240 - Cannot read IP mode file for WES.I-CUBE-Cesium.1.3.0
2024-09-30 08:11:30,289 [WARN] PackLoader:240 - Cannot read IP mode file for STMicroelectronics.X-CUBE-BLE2.3.3.0
2024-09-30 08:11:30,313 [WARN] PackLoader:240 - Cannot read IP mode file for STMicroelectronics.X-CUBE-NFC9.1.0.0
2024-09-30 08:11:30,340 [WARN] PackLoader:240 - Cannot read IP mode file for STMicroelectronics.X-CUBE-TCPP.4.1.0
2024-09-30 08:11:30,363 [INFO] WebApp:192 - Starting web application
2024-09-30 08:11:30,364 [INFO] WebApp:544 - Web application path used C:\ST\STM32CubeIDE_1.13.0\STM32CubeIDE\plugins\com.st.stm32cube.common.mx_6.10.0.202311202037\db\plugins\mcufinder\reactClient1\index.html
2024-09-30 08:11:30,368 [WARN] PackLoader:240 - Cannot read IP mode file for STMicroelectronics.X-CUBE-ALGOBUILD.1.3.0
2024-09-30 08:11:30,420 [WARN] PackLoader:240 - Cannot read IP mode file for STMicroelectronics.X-CUBE-AZRTOS-G0.1.1.0
2024-09-30 08:11:30,446 [WARN] PackLoader:240 - Cannot read IP mode file for STMicroelectronics.X-CUBE-SAFEA1.1.2.2
2024-09-30 08:11:30,465 [WARN] PackLoader:240 - Cannot read IP mode file for STMicroelectronics.X-CUBE-NFC4.3.0.0
2024-09-30 08:11:30,482 [WARN] PackLoader:240 - Cannot read IP mode file for wolfSSL.I-CUBE-wolfMQTT.1.18.0
2024-09-30 08:11:30,504 [WARN] PackLoader:240 - Cannot read IP mode file for EmbeddedOffice.I-CUBE-FS-RTOS.1.0.1
2024-09-30 08:11:30,505 [ERROR] ConditionMgr:805 - Attr not supported : Dmpu
2024-09-30 08:11:30,505 [ERROR] ConditionMgr:805 - Attr not supported : Dmpu
2024-09-30 08:11:30,505 [ERROR] ConditionMgr:805 - Attr not supported : Dmpu
2024-09-30 08:11:30,505 [ERROR] ConditionMgr:805 - Attr not supported : Dmpu
2024-09-30 08:11:30,505 [ERROR] ConditionMgr:805 - Attr not supported : Dmpu
2024-09-30 08:11:30,505 [ERROR] ConditionMgr:805 - Attr not supported : Dmpu
2024-09-30 08:11:30,505 [ERROR] ConditionMgr:805 - Attr not supported : Dmpu
2024-09-30 08:11:30,505 [ERROR] ConditionMgr:805 - Attr not supported : Dmpu
2024-09-30 08:11:30,505 [ERROR] ConditionMgr:805 - Attr not supported : Dmpu
2024-09-30 08:11:30,506 [ERROR] ConditionMgr:805 - Attr not supported : Dmpu
2024-09-30 08:11:30,506 [ERROR] ConditionMgr:805 - Attr not supported : Dmpu
2024-09-30 08:11:30,506 [ERROR] ConditionMgr:805 - Attr not supported : Dmpu
2024-09-30 08:11:30,506 [ERROR] ConditionMgr:805 - Attr not supported : Dmpu
2024-09-30 08:11:30,506 [ERROR] ConditionMgr:805 - Attr not supported : Dmpu
2024-09-30 08:11:30,506 [ERROR] ConditionMgr:805 - Attr not supported : Dmpu
2024-09-30 08:11:30,506 [ERROR] ConditionMgr:805 - Attr not supported : Dmpu
2024-09-30 08:11:30,506 [ERROR] ConditionMgr:805 - Attr not supported : Dmpu
2024-09-30 08:11:30,507 [ERROR] ConditionMgr:805 - Attr not supported : Dmpu
2024-09-30 08:11:30,507 [ERROR] ConditionMgr:805 - Attr not supported : Dmpu
2024-09-30 08:11:30,507 [ERROR] ConditionMgr:805 - Attr not supported : Dmpu
2024-09-30 08:11:30,507 [ERROR] ConditionMgr:805 - Attr not supported : Dmpu
2024-09-30 08:11:30,507 [ERROR] ConditionMgr:805 - Attr not supported : Dmpu
2024-09-30 08:11:30,507 [ERROR] ConditionMgr:805 - Attr not supported : Dmpu
2024-09-30 08:11:30,507 [ERROR] ConditionMgr:805 - Attr not supported : Dmpu
2024-09-30 08:11:30,508 [ERROR] ConditionMgr:805 - Attr not supported : Dmpu
2024-09-30 08:11:30,508 [ERROR] ConditionMgr:805 - Attr not supported : Dmpu
2024-09-30 08:11:30,508 [ERROR] ConditionMgr:805 - Attr not supported : Dmpu
2024-09-30 08:11:30,508 [ERROR] ConditionMgr:805 - Attr not supported : Dmpu
2024-09-30 08:11:30,508 [ERROR] ConditionMgr:805 - Attr not supported : Dmpu
2024-09-30 08:11:30,508 [ERROR] ConditionMgr:805 - Attr not supported : Dmpu
2024-09-30 08:11:30,508 [ERROR] ConditionMgr:805 - Attr not supported : Dmpu
2024-09-30 08:11:30,508 [ERROR] ConditionMgr:805 - Attr not supported : Dmpu
2024-09-30 08:11:30,509 [ERROR] ConditionMgr:805 - Attr not supported : Dmpu
2024-09-30 08:11:30,509 [ERROR] ConditionMgr:805 - Attr not supported : Dmpu
2024-09-30 08:11:30,509 [ERROR] ConditionMgr:805 - Attr not supported : Dmpu
2024-09-30 08:11:30,509 [ERROR] ConditionMgr:805 - Attr not supported : Dmpu
2024-09-30 08:11:30,509 [ERROR] ConditionMgr:805 - Attr not supported : Dmpu
2024-09-30 08:11:30,509 [ERROR] ConditionMgr:805 - Attr not supported : Dmpu
2024-09-30 08:11:30,509 [ERROR] ConditionMgr:805 - Attr not supported : Dmpu
2024-09-30 08:11:30,510 [ERROR] ConditionMgr:805 - Attr not supported : Dmpu
2024-09-30 08:11:30,510 [ERROR] ConditionMgr:805 - Attr not supported : Dmpu
2024-09-30 08:11:30,510 [ERROR] ConditionMgr:805 - Attr not supported : Dmpu
2024-09-30 08:11:30,510 [ERROR] ConditionMgr:805 - Attr not supported : Dmpu
2024-09-30 08:11:30,510 [ERROR] ConditionMgr:805 - Attr not supported : Dmpu
2024-09-30 08:11:30,510 [ERROR] ConditionMgr:805 - Attr not supported : Dmpu
2024-09-30 08:11:30,510 [ERROR] ConditionMgr:805 - Attr not supported : Dmpu
2024-09-30 08:11:30,510 [ERROR] ConditionMgr:805 - Attr not supported : Dmpu
2024-09-30 08:11:30,510 [ERROR] ConditionMgr:805 - Attr not supported : Dmpu
2024-09-30 08:11:30,510 [ERROR] ConditionMgr:805 - Attr not supported : Dmpu
2024-09-30 08:11:30,510 [ERROR] ConditionMgr:805 - Attr not supported : Dmpu
2024-09-30 08:11:30,510 [ERROR] ConditionMgr:805 - Attr not supported : Dmpu
2024-09-30 08:11:30,510 [ERROR] ConditionMgr:805 - Attr not supported : Dmpu
2024-09-30 08:11:30,510 [ERROR] ConditionMgr:805 - Attr not supported : Dmpu
2024-09-30 08:11:30,510 [ERROR] ConditionMgr:805 - Attr not supported : Dmpu
2024-09-30 08:11:30,510 [ERROR] ConditionMgr:805 - Attr not supported : Dmpu
2024-09-30 08:11:30,510 [ERROR] ConditionMgr:805 - Attr not supported : Dmpu
2024-09-30 08:11:30,510 [ERROR] ConditionMgr:805 - Attr not supported : Dmpu
2024-09-30 08:11:30,510 [ERROR] ConditionMgr:805 - Attr not supported : Dmpu
2024-09-30 08:11:30,510 [ERROR] ConditionMgr:805 - Attr not supported : Dmpu
2024-09-30 08:11:30,510 [ERROR] ConditionMgr:805 - Attr not supported : Dmpu
2024-09-30 08:11:30,511 [ERROR] ConditionMgr:805 - Attr not supported : Dmpu
2024-09-30 08:11:30,511 [ERROR] ConditionMgr:805 - Attr not supported : Dmpu
2024-09-30 08:11:30,511 [ERROR] ConditionMgr:805 - Attr not supported : Dmpu
2024-09-30 08:11:30,511 [ERROR] ConditionMgr:805 - Attr not supported : Dmpu
2024-09-30 08:11:30,530 [WARN] PackLoader:240 - Cannot read IP mode file for STMicroelectronics.X-CUBE-BLEMGR.3.0.0
2024-09-30 08:11:30,554 [WARN] PackLoader:240 - Cannot read IP mode file for RealThread.X-CUBE-RT-Thread_Nano.4.1.1
2024-09-30 08:11:30,573 [WARN] PackLoader:240 - Cannot read IP mode file for STMicroelectronics.FP-ATR-SIGFOX1.3.2.0
2024-09-30 08:11:30,618 [WARN] PackLoader:240 - Cannot read IP mode file for SEGGER.I-CUBE-embOS.1.3.1
2024-09-30 08:11:30,665 [WARN] PackLoader:240 - Cannot read IP mode file for STMicroelectronics.X-CUBE-ALGOBUILD.1.4.0
2024-09-30 08:11:30,677 [WARN] PackLoader:240 - Cannot read IP mode file for STMicroelectronics.X-CUBE-GNSS1.6.0.0
2024-09-30 08:11:30,700 [WARN] PackLoader:240 - Cannot read IP mode file for STMicroelectronics.X-CUBE-AZRTOS-F4.1.1.0
2024-09-30 08:11:30,712 [WARN] PackLoader:240 - Cannot read IP mode file for wolfSSL.I-CUBE-wolfSSL.5.6.3
2024-09-30 08:11:30,723 [WARN] PackLoader:240 - Cannot read IP mode file for STMicroelectronics.X-CUBE-ISPU.2.1.0
2024-09-30 08:11:30,735 [WARN] PackLoader:240 - Cannot read IP mode file for STMicroelectronics.X-CUBE-FREERTOS.1.2.0
2024-09-30 08:11:30,763 [WARN] PackLoader:240 - Cannot read IP mode file for STMicroelectronics.X-CUBE-AZRTOS-L5.2.0.0
2024-09-30 08:11:30,844 [WARN] PackLoader:240 - Cannot read IP mode file for STMicroelectronics.X-CUBE-MEMS1.9.6.0
2024-09-30 08:11:30,942 [WARN] PackLoader:240 - Cannot read IP mode file for STMicroelectronics.X-CUBE-EEPRMA1.4.2.0
2024-09-30 08:11:30,958 [WARN] PackLoader:240 - Cannot read IP mode file for STMicroelectronics.X-CUBE-NFC6.3.1.0
2024-09-30 08:11:30,975 [WARN] PackLoader:240 - Cannot read IP mode file for ITTIA_DB.I-CUBE-ITTIADB.8.8.0
2024-09-30 08:11:30,999 [WARN] PackLoader:240 - Cannot read IP mode file for STMicroelectronics.X-CUBE-BLEMGR.2.0.0
2024-09-30 08:11:31,015 [WARN] PackLoader:240 - Cannot read IP mode file for STMicroelectronics.X-CUBE-DPower.1.2.0
2024-09-30 08:11:31,045 [WARN] ConditionMgr:438 - getConditionDescription Invalid condition id : UX DEVICE CLASS RTOS Condition cause : null
2024-09-30 08:11:31,045 [WARN] ConditionMgr:438 - getConditionDescription Invalid condition id : UX DEVICE CLASS RTOS Condition cause : null
2024-09-30 08:11:31,046 [WARN] PackLoader:240 - Cannot read IP mode file for STMicroelectronics.X-CUBE-AZRTOS-H7.3.1.0
2024-09-30 08:11:31,048 [WARN] ConditionMgr:1039 - genDependencies : Invalid condition id : UX DEVICE CLASS RTOS Condition cause : null
2024-09-30 08:11:31,048 [WARN] ConditionMgr:1039 - genDependencies : Invalid condition id : UX DEVICE CLASS RTOS Condition cause : null
2024-09-30 08:11:31,048 [WARN] ConditionMgr:1039 - genDependencies : Invalid condition id : UX DEVICE CLASS RTOS Condition cause : null
2024-09-30 08:11:31,049 [WARN] ConditionMgr:1039 - genDependencies : Invalid condition id : UX DEVICE CLASS RTOS Condition cause : null
2024-09-30 08:11:31,049 [WARN] ConditionMgr:1039 - genDependencies : Invalid condition id : UX DEVICE CLASS RTOS Condition cause : null
2024-09-30 08:11:31,062 [WARN] PackLoader:240 - Cannot read IP mode file for STMicroelectronics.X-CUBE-NFC7.1.0.1
2024-09-30 08:11:31,075 [WARN] PackLoader:240 - Cannot read IP mode file for wolfSSL.I-CUBE-wolfTPM.3.2.0
2024-09-30 08:11:31,087 [WARN] PackLoader:240 - Cannot read IP mode file for STMicroelectronics.X-CUBE-NFC6.3.0.0
2024-09-30 08:11:31,101 [WARN] PackLoader:240 - Cannot read IP mode file for STMicroelectronics.X-CUBE-EEPRMA1.4.1.0
2024-09-30 08:11:31,112 [WARN] PackLoader:240 - Cannot read IP mode file for STMicroelectronics.X-CUBE-AI.8.1.0
2024-09-30 08:11:31,134 [WARN] ConditionMgr:438 - getConditionDescription Invalid condition id : LAN8742 Phy interface Condition cause : null
2024-09-30 08:11:31,135 [WARN] PackLoader:240 - Cannot read IP mode file for STMicroelectronics.X-CUBE-AZRTOS-L4.2.0.0
2024-09-30 08:11:31,135 [WARN] ConditionMgr:1039 - genDependencies : Invalid condition id : LAN8742 Phy interface Condition cause : null
2024-09-30 08:11:31,135 [WARN] ConditionMgr:1039 - genDependencies : Invalid condition id : LAN8742 Phy interface Condition cause : null
2024-09-30 08:11:31,136 [WARN] ConditionMgr:1039 - genDependencies : Invalid condition id : LAN8742 Phy interface Condition cause : null
2024-09-30 08:11:31,150 [WARN] PackLoader:240 - Cannot read IP mode file for STMicroelectronics.X-CUBE-SFXS2LP1.4.0.0
2024-09-30 08:11:31,173 [WARN] PackLoader:240 - Cannot read IP mode file for STMicroelectronics.X-CUBE-ISPU.1.1.0
2024-09-30 08:11:31,214 [WARN] PackLoader:240 - Cannot read IP mode file for STMicroelectronics.X-CUBE-AZRTOS-H7.3.3.0
2024-09-30 08:11:31,244 [WARN] ConditionMgr:438 - getConditionDescription Invalid condition id : UX DEVICE CLASS RTOS Condition cause : null
2024-09-30 08:11:31,245 [WARN] ConditionMgr:438 - getConditionDescription Invalid condition id : UX DEVICE CLASS RTOS Condition cause : null
2024-09-30 08:11:31,245 [WARN] PackLoader:240 - Cannot read IP mode file for STMicroelectronics.X-CUBE-AZRTOS-WB.2.0.0
2024-09-30 08:11:31,245 [WARN] ConditionMgr:1039 - genDependencies : Invalid condition id : UX DEVICE CLASS RTOS Condition cause : null
2024-09-30 08:11:31,245 [WARN] ConditionMgr:1039 - genDependencies : Invalid condition id : UX DEVICE CLASS RTOS Condition cause : null
2024-09-30 08:11:31,246 [WARN] ConditionMgr:1039 - genDependencies : Invalid condition id : UX DEVICE CLASS RTOS Condition cause : null
2024-09-30 08:11:31,246 [WARN] ConditionMgr:1039 - genDependencies : Invalid condition id : UX DEVICE CLASS RTOS Condition cause : null
2024-09-30 08:11:31,246 [WARN] ConditionMgr:1039 - genDependencies : Invalid condition id : UX DEVICE CLASS RTOS Condition cause : null
2024-09-30 08:11:31,260 [WARN] PackLoader:240 - Cannot read IP mode file for STMicroelectronics.X-CUBE-FREERTOS.1.0.1
2024-09-30 08:11:31,274 [WARN] PackLoader:240 - Cannot read IP mode file for STMicroelectronics.X-CUBE-GNSS1.7.0.0
2024-09-30 08:11:31,291 [WARN] PackLoader:240 - Cannot read IP mode file for STMicroelectronics.FP-SNS-STBOX1.2.0.0
2024-09-30 08:11:31,309 [WARN] PackLoader:240 - Cannot read IP mode file for STMicroelectronics.X-CUBE-AI.8.0.1
2024-09-30 08:11:31,324 [WARN] PackLoader:240 - Cannot read IP mode file for STMicroelectronics.X-CUBE-SUBG2.5.0.0
2024-09-30 08:11:31,343 [WARN] PackLoader:240 - Cannot read IP mode file for STMicroelectronics.X-CUBE-TOF1.3.3.1
2024-09-30 08:11:31,369 [WARN] PackLoader:240 - Cannot read IP mode file for STMicroelectronics.X-CUBE-AZRTOS-G4.2.0.0
2024-09-30 08:11:31,389 [WARN] PackLoader:240 - Cannot read IP mode file for Infineon.AIROC-Wi-Fi-Bluetooth-STM32.1.5.1
2024-09-30 08:11:31,403 [WARN] PackLoader:240 - Cannot read IP mode file for STMicroelectronics.FP-SNS-MOTENVWB1.1.3.0
2024-09-30 08:11:31,420 [WARN] PackLoader:240 - Cannot read IP mode file for STMicroelectronics.FP-SNS-MOTENVWB1.1.3.1
2024-09-30 08:11:31,431 [WARN] PackLoader:240 - Cannot read IP mode file for STMicroelectronics.X-CUBE-ISPU.2.0.0
2024-09-30 08:11:31,444 [WARN] PackLoader:240 - Cannot read IP mode file for STMicroelectronics.X-CUBE-ALS.1.0.2
2024-09-30 08:11:31,478 [WARN] PackLoader:240 - Cannot read IP mode file for STMicroelectronics.X-CUBE-MEMS1.10.0.0
2024-09-30 08:11:31,578 [WARN] PackLoader:240 - Cannot read IP mode file for STMicroelectronics.X-CUBE-FREERTOS.1.1.0
2024-09-30 08:11:31,594 [WARN] PackLoader:240 - Cannot read IP mode file for STMicroelectronics.X-CUBE-TOUCHGFX.4.24.0
2024-09-30 08:11:31,608 [WARN] PackLoader:240 - Cannot read IP mode file for STMicroelectronics.X-CUBE-TOUCHGFX.4.24.1
2024-09-30 08:11:31,625 [WARN] PackLoader:240 - Cannot read IP mode file for portGmbH.I-Cube-SoM-uGOAL.1.1.0
2024-09-30 08:11:31,638 [WARN] PackLoader:240 - Cannot read IP mode file for STMicroelectronics.X-CUBE-ALS.1.0.1
2024-09-30 08:11:31,665 [WARN] PackLoader:240 - Cannot read IP mode file for STMicroelectronics.X-CUBE-AZRTOS-H7RS.1.0.0
2024-09-30 08:11:31,679 [WARN] PackLoader:240 - Cannot read IP mode file for STMicroelectronics.FP-ATR-ASTRA1.2.0.0
2024-09-30 08:11:31,697 [WARN] PackLoader:240 - Cannot read IP mode file for STMicroelectronics.X-CUBE-TOF1.3.4.2
2024-09-30 08:11:31,724 [WARN] PackLoader:240 - Cannot read IP mode file for STMicroelectronics.X-CUBE-TOF1.3.4.0
2024-09-30 08:11:31,750 [WARN] PackLoader:240 - Cannot read IP mode file for STMicroelectronics.X-CUBE-TOF1.3.4.1
2024-09-30 08:11:31,787 [WARN] PackLoader:240 - Cannot read IP mode file for STMicroelectronics.X-CUBE-AZRTOS-H7.3.2.0
2024-09-30 08:11:31,803 [WARN] PackLoader:240 - Cannot read IP mode file for wolfSSL.I-CUBE-wolfSSH.1.4.17
2024-09-30 08:11:31,804 [INFO] ThirdParty:978 - Integrity check success = true
2024-09-30 08:11:31,804 [INFO] IntegrityCheckThread:100 - exiting critical section [integrity check]
2024-09-30 08:11:31,804 [INFO] IntegrityCheckThread:103 - End integrity checks thread
2024-09-30 08:11:39,298 [ERROR] LogOutputStream:75 - [STDERR_REDIRECT] SLF4J: Failed to load class "org.slf4j.impl.StaticLoggerBinder".
2024-09-30 08:11:39,299 [ERROR] LogOutputStream:75 - [STDERR_REDIRECT] SLF4J: Defaulting to no-operation (NOP) logger implementation
2024-09-30 08:11:39,300 [ERROR] LogOutputStream:75 - [STDERR_REDIRECT] SLF4J: See http://www.slf4j.org/codes.html#StaticLoggerBinder for further details.
