2024-10-03 13:14:09,690 [INFO] Activator:176 - 


2024-10-03 13:14:09,698 [INFO] Activator:177 - !SESSION log4j initialized
2024-10-03 13:14:16,166 [INFO] LogOutputStream:77 - [STDOUT_REDIRECT] 
2024-10-03 13:14:17,487 [INFO] ApplicationProperties:184 - Using Application install path: C:\ST\STM32CubeIDE_1.13.0\STM32CubeIDE\plugins\com.st.stm32cube.common.mx_6.10.0.202311202037
2024-10-03 13:14:17,509 [INFO] DbMcusXml:78 - Set database path to: C:\ST\STM32CubeIDE_1.13.0\STM32CubeIDE\plugins\com.st.stm32cube.common.mx_6.10.0.202311202037\\db\/mcu/
2024-10-03 13:14:17,510 [INFO] ApiDb:274 - Set plugin database path to: C:\ST\STM32CubeIDE_1.13.0\STM32CubeIDE\plugins\com.st.stm32cube.common.mx_6.10.0.202311202037\\db\/plugins/boardmanager/
2024-10-03 13:14:17,511 [WARN] ApiDb:259 - Overriding images path with different value:  => C:\ST\STM32CubeIDE_1.13.0\STM32CubeIDE\plugins\com.st.stm32cube.common.mx_6.10.0.202311202037\\db\/plugins/mcufinder/images/
2024-10-03 13:14:17,531 [INFO] ApiDb:250 - Set database path to: C:\Users\Admin\.stmcufinder\plugins\mcufinder//mcu/
2024-10-03 13:14:17,532 [INFO] DbMcusAds:125 - Set database path to: C:\Users\Admin\.stmcufinder\plugins\mcufinder//mcu/
2024-10-03 13:14:17,534 [INFO] CrossReferenceDbSqlite:203 - Set database path to: C:\Users\Admin\.stmcufinder\plugins\mcufinder//mcu/cs/
2024-10-03 13:14:17,650 [INFO] RulesReader:64 - Compatibility file has been processed (297 Rules)
2024-10-03 13:14:17,733 [INFO] DbMcusXml:78 - Set database path to: C:\ST\STM32CubeIDE_1.13.0\STM32CubeIDE\plugins\com.st.stm32cube.common.mx_6.10.0.202311202037\\db\/mcu/
2024-10-03 13:14:17,733 [INFO] ApiDb:274 - Set plugin database path to: C:\ST\STM32CubeIDE_1.13.0\STM32CubeIDE\plugins\com.st.stm32cube.common.mx_6.10.0.202311202037\\db\/plugins/boardmanager/
2024-10-03 13:14:17,733 [INFO] ApiDb:261 - Set plugin images path to: C:\ST\STM32CubeIDE_1.13.0\STM32CubeIDE\plugins\com.st.stm32cube.common.mx_6.10.0.202311202037\\db\/plugins/mcufinder/images/
2024-10-03 13:14:17,733 [WARN] DbFile:41 - Overriding database path with different value: C:\Users\Admin\.stmcufinder\plugins\mcufinder/ => C:\Users\Admin\.stmcufinder\plugins\mcufinder
2024-10-03 13:14:17,735 [INFO] ApiDb:250 - Set database path to: C:\Users\Admin\.stmcufinder\plugins\mcufinder//mcu/
2024-10-03 13:14:17,735 [WARN] DbFile:41 - Overriding database path with different value: C:\Users\Admin\.stmcufinder\plugins\mcufinder/ => C:\Users\Admin\.stmcufinder\plugins\mcufinder
2024-10-03 13:14:17,735 [INFO] DbMcusAds:125 - Set database path to: C:\Users\Admin\.stmcufinder\plugins\mcufinder//mcu/
2024-10-03 13:14:17,735 [WARN] DbFile:41 - Overriding database path with different value: C:\Users\Admin\.stmcufinder\plugins\mcufinder/ => C:\Users\Admin\.stmcufinder\plugins\mcufinder
2024-10-03 13:14:17,735 [WARN] DbFile:41 - Overriding database path with different value: C:\Users\Admin\.stmcufinder\plugins\mcufinder/ => C:\Users\Admin\.stmcufinder\plugins\mcufinder
2024-10-03 13:14:17,735 [INFO] CrossReferenceDbSqlite:203 - Set database path to: C:\Users\Admin\.stmcufinder\plugins\mcufinder//mcu/cs/
2024-10-03 13:14:17,802 [INFO] MainPanel:264 - HeapMemory: 268435456
2024-10-03 13:14:17,883 [INFO] DbMcusXml:78 - Set database path to: C:\ST\STM32CubeIDE_1.13.0\STM32CubeIDE\plugins\com.st.stm32cube.common.mx_6.10.0.202311202037\\db\/mcu/
2024-10-03 13:14:17,883 [INFO] ApiDb:274 - Set plugin database path to: C:\ST\STM32CubeIDE_1.13.0\STM32CubeIDE\plugins\com.st.stm32cube.common.mx_6.10.0.202311202037\\db\/plugins/boardmanager/
2024-10-03 13:14:17,883 [INFO] ApiDb:261 - Set plugin images path to: C:\ST\STM32CubeIDE_1.13.0\STM32CubeIDE\plugins\com.st.stm32cube.common.mx_6.10.0.202311202037\\db\/plugins/mcufinder/images/
2024-10-03 13:14:17,883 [WARN] DbFile:41 - Overriding database path with different value: C:\Users\Admin\.stmcufinder\plugins\mcufinder/ => C:\Users\Admin\.stmcufinder\plugins\mcufinder
2024-10-03 13:14:17,883 [INFO] ApiDb:250 - Set database path to: C:\Users\Admin\.stmcufinder\plugins\mcufinder//mcu/
2024-10-03 13:14:17,884 [WARN] DbFile:41 - Overriding database path with different value: C:\Users\Admin\.stmcufinder\plugins\mcufinder/ => C:\Users\Admin\.stmcufinder\plugins\mcufinder
2024-10-03 13:14:17,884 [INFO] DbMcusAds:125 - Set database path to: C:\Users\Admin\.stmcufinder\plugins\mcufinder//mcu/
2024-10-03 13:14:17,884 [WARN] DbFile:41 - Overriding database path with different value: C:\Users\Admin\.stmcufinder\plugins\mcufinder/ => C:\Users\Admin\.stmcufinder\plugins\mcufinder
2024-10-03 13:14:17,884 [WARN] DbFile:41 - Overriding database path with different value: C:\Users\Admin\.stmcufinder\plugins\mcufinder/ => C:\Users\Admin\.stmcufinder\plugins\mcufinder
2024-10-03 13:14:17,884 [INFO] CrossReferenceDbSqlite:203 - Set database path to: C:\Users\Admin\.stmcufinder\plugins\mcufinder//mcu/cs/
2024-10-03 13:14:17,900 [INFO] ApplicationProperties:184 - Using Application install path: C:\ST\STM32CubeIDE_1.13.0\STM32CubeIDE\plugins\com.st.stm32cube.common.mx_6.10.0.202311202037
2024-10-03 13:14:17,902 [INFO] PluginManage:196 - Search for loadable plugins [exclusion list=, ]
2024-10-03 13:14:17,903 [INFO] PluginManage:310 - Check plugin analytics
2024-10-03 13:14:18,040 [INFO] AnalyticsPlugin:253 - Accepted Software Licenses: 
2024-10-03 13:14:18,040 [INFO] AnalyticsPlugin:255 - Accepted CMSIS Pack Licenses: 
2024-10-03 13:14:18,040 [INFO] AnalyticsPlugin:257 - Accepted Firmware Licenses: 
2024-10-03 13:14:18,043 [INFO] PluginManage:359 - Loaded plugin analytics (category:tool,tabindex:-1)
2024-10-03 13:14:18,043 [INFO] PluginManage:310 - Check plugin cadmodel
2024-10-03 13:14:18,061 [INFO] CADModel:105 - Init CAD model plugin
2024-10-03 13:14:18,062 [INFO] PluginManage:359 - Loaded plugin cadmodel (category:power,tabindex:5)
2024-10-03 13:14:18,062 [INFO] PluginManage:310 - Check plugin clock
2024-10-03 13:14:18,089 [INFO] PluginManage:359 - Loaded plugin clock (category:base,tabindex:2)
2024-10-03 13:14:18,089 [INFO] PluginManage:310 - Check plugin ddr
2024-10-03 13:14:18,092 [INFO] PluginManage:359 - Loaded plugin ddr (category:tool,tabindex:6)
2024-10-03 13:14:18,092 [INFO] PluginManage:310 - Check plugin filemanager
2024-10-03 13:14:18,217 [INFO] PluginManage:359 - Loaded plugin filemanager (category:base,tabindex:10)
2024-10-03 13:14:18,217 [INFO] PluginManage:310 - Check plugin ipmanager
2024-10-03 13:14:18,223 [INFO] PluginManage:359 - Loaded plugin ipmanager (category:base,tabindex:5)
2024-10-03 13:14:18,223 [INFO] PluginManage:310 - Check plugin lpbam
2024-10-03 13:14:18,244 [INFO] PluginManage:359 - Loaded plugin lpbam (category:base,tabindex:0)
2024-10-03 13:14:18,244 [INFO] PluginManage:310 - Check plugin memorymap
2024-10-03 13:14:18,273 [INFO] PluginManage:359 - Loaded plugin memorymap (category:base,tabindex:4)
2024-10-03 13:14:18,273 [INFO] PluginManage:310 - Check plugin pinoutandconfiguration
2024-10-03 13:14:18,297 [INFO] PluginManage:359 - Loaded plugin pinoutandconfiguration (category:base,tabindex:1)
2024-10-03 13:14:18,297 [INFO] PluginManage:310 - Check plugin pinoutconfig
2024-10-03 13:14:18,427 [WARN] SupportedApi:132 - Cannot load RTOS API schema: s4s-elt-must-match.1: The content of 'definitions' must match (annotation?, (simpleType | complexType)?, (unique | key | keyref)*)). A problem was found starting at: attribute.
2024-10-03 13:14:18,753 [INFO] PluginManage:359 - Loaded plugin pinoutconfig (category:base,tabindex:0)
2024-10-03 13:14:18,753 [INFO] PluginManage:310 - Check plugin power
2024-10-03 13:14:18,791 [INFO] PluginManage:359 - Loaded plugin power (category:power,tabindex:4)
2024-10-03 13:14:18,791 [INFO] PluginManage:310 - Check plugin projectmanager
2024-10-03 13:14:18,825 [INFO] PluginManage:359 - Loaded plugin projectmanager (category:projectmanager,tabindex:3)
2024-10-03 13:14:18,825 [INFO] PluginManage:310 - Check plugin thirdparty
2024-10-03 13:14:19,403 [INFO] PluginManage:359 - Loaded plugin thirdparty (category:base,tabindex:-1)
2024-10-03 13:14:19,403 [INFO] PluginManage:310 - Check plugin tools
2024-10-03 13:14:19,402 [WARN] IntegrityCheckThread:84 - waiting for thirdparty lock release [integrity check]
2024-10-03 13:14:19,403 [INFO] IntegrityCheckThread:86 - entering critical section [integrity check]
2024-10-03 13:14:19,405 [INFO] ThirdPartyUpdaterWithRetryManager:70 - Updater plugin not ready yet. [1/15]
2024-10-03 13:14:19,483 [INFO] PluginManage:359 - Loaded plugin tools (category:base,tabindex:7)
2024-10-03 13:14:19,483 [INFO] PluginManage:310 - Check plugin tutovideos
2024-10-03 13:14:19,844 [INFO] PluginManage:359 - Loaded plugin tutovideos (category:base,tabindex:-1)
2024-10-03 13:14:19,845 [INFO] PluginManage:310 - Check plugin updater
2024-10-03 13:14:19,869 [INFO] PluginManage:359 - Loaded plugin updater (category:base,tabindex:12)
2024-10-03 13:14:19,869 [INFO] PluginManage:310 - Check plugin userauth
2024-10-03 13:14:19,878 [INFO] UserAuth:114 - Init User Auth plugin
2024-10-03 13:14:19,878 [INFO] PluginManage:359 - Loaded plugin userauth (category:base,tabindex:14)
2024-10-03 13:14:19,879 [INFO] PluginManage:283 - PluginManage : Loaded plugins [17]
2024-10-03 13:14:20,380 [INFO] PinOutPanel:1499 - setPackage(No Configuration,No Configuration)
2024-10-03 13:14:20,579 [INFO] CADModel:165 - CPN selected for project level
2024-10-03 13:14:20,580 [INFO] CADModel:114 - Register for checkConnection events
2024-10-03 13:14:20,629 [INFO] IPUIPlugin:80 - create IPUIPlugin
2024-10-03 13:14:20,630 [INFO] PluginManager:220 - loadIPPluginJar : add adc
2024-10-03 13:14:20,702 [INFO] IPUIPlugin:80 - create IPUIPlugin
2024-10-03 13:14:20,703 [INFO] PluginManager:220 - loadIPPluginJar : add aes
2024-10-03 13:14:20,787 [INFO] IPUIPlugin:80 - create IPUIPlugin
2024-10-03 13:14:20,787 [INFO] PluginManager:220 - loadIPPluginJar : add can
2024-10-03 13:14:20,837 [INFO] IPUIPlugin:80 - create IPUIPlugin
2024-10-03 13:14:20,839 [INFO] PluginManager:220 - loadIPPluginJar : add comp
2024-10-03 13:14:20,914 [INFO] IPUIPlugin:80 - create IPUIPlugin
2024-10-03 13:14:20,915 [INFO] PluginManager:220 - loadIPPluginJar : add cryp
2024-10-03 13:14:20,991 [INFO] IPUIPlugin:80 - create IPUIPlugin
2024-10-03 13:14:20,991 [INFO] PluginManager:220 - loadIPPluginJar : add dfsdm
2024-10-03 13:14:21,020 [INFO] IPUIPlugin:80 - create IPUIPlugin
2024-10-03 13:14:21,021 [INFO] PluginManager:220 - loadIPPluginJar : add dma
2024-10-03 13:14:21,115 [INFO] IPUIPlugin:80 - create IPUIPlugin
2024-10-03 13:14:21,115 [INFO] PluginManager:220 - loadIPPluginJar : add dma3
2024-10-03 13:14:21,161 [INFO] IPUIPlugin:80 - create IPUIPlugin
2024-10-03 13:14:21,161 [INFO] PluginManager:220 - loadIPPluginJar : add fatfs
2024-10-03 13:14:21,292 [INFO] IPUIPlugin:80 - create IPUIPlugin
2024-10-03 13:14:21,292 [INFO] PluginManager:220 - loadIPPluginJar : add fmc
2024-10-03 13:14:21,328 [INFO] IPUIPlugin:80 - create IPUIPlugin
2024-10-03 13:14:21,329 [INFO] PluginManager:220 - loadIPPluginJar : add freertos
2024-10-03 13:14:21,378 [INFO] IPUIPlugin:80 - create IPUIPlugin
2024-10-03 13:14:21,378 [INFO] PluginManager:220 - loadIPPluginJar : add genericplugin
2024-10-03 13:14:21,609 [INFO] IPUIPlugin:80 - create IPUIPlugin
2024-10-03 13:14:21,610 [INFO] PluginManager:220 - loadIPPluginJar : add gfxmmu
2024-10-03 13:14:21,917 [INFO] IPUIPlugin:80 - create IPUIPlugin
2024-10-03 13:14:21,918 [INFO] PluginManager:220 - loadIPPluginJar : add gic
2024-10-03 13:14:21,948 [INFO] IPUIPlugin:80 - create IPUIPlugin
2024-10-03 13:14:21,948 [INFO] PluginManager:220 - loadIPPluginJar : add gpio
2024-10-03 13:14:22,160 [INFO] IPUIPlugin:80 - create IPUIPlugin
2024-10-03 13:14:22,161 [INFO] PluginManager:220 - loadIPPluginJar : add gtzc
2024-10-03 13:14:22,237 [INFO] IPUIPlugin:80 - create IPUIPlugin
2024-10-03 13:14:22,237 [INFO] PluginManager:220 - loadIPPluginJar : add hash
2024-10-03 13:14:22,366 [INFO] IPUIPlugin:80 - create IPUIPlugin
2024-10-03 13:14:22,367 [INFO] PluginManager:220 - loadIPPluginJar : add i2c
2024-10-03 13:14:22,408 [INFO] ThirdPartyUpdaterWithRetryManager:70 - Updater plugin not ready yet. [2/15]
2024-10-03 13:14:22,458 [INFO] IPUIPlugin:80 - create IPUIPlugin
2024-10-03 13:14:22,458 [INFO] PluginManager:220 - loadIPPluginJar : add i2s
2024-10-03 13:14:22,559 [INFO] IPUIPlugin:80 - create IPUIPlugin
2024-10-03 13:14:22,559 [INFO] PluginManager:220 - loadIPPluginJar : add i3c
2024-10-03 13:14:22,809 [INFO] IPUIPlugin:80 - create IPUIPlugin
2024-10-03 13:14:22,809 [INFO] PluginManager:220 - loadIPPluginJar : add ipddr
2024-10-03 13:14:23,012 [INFO] IPUIPlugin:80 - create IPUIPlugin
2024-10-03 13:14:23,012 [INFO] PluginManager:220 - loadIPPluginJar : add linkedlist
2024-10-03 13:14:23,092 [INFO] IPUIPlugin:80 - create IPUIPlugin
2024-10-03 13:14:23,093 [INFO] PluginManager:220 - loadIPPluginJar : add lorawan
2024-10-03 13:14:23,183 [INFO] IPUIPlugin:80 - create IPUIPlugin
2024-10-03 13:14:23,183 [INFO] PluginManager:220 - loadIPPluginJar : add ltdc
2024-10-03 13:14:23,215 [INFO] IPUIPlugin:80 - create IPUIPlugin
2024-10-03 13:14:23,216 [INFO] PluginManager:220 - loadIPPluginJar : add mdma
2024-10-03 13:14:23,241 [INFO] IPUIPlugin:80 - create IPUIPlugin
2024-10-03 13:14:23,242 [INFO] PluginManager:220 - loadIPPluginJar : add nvic
2024-10-03 13:14:23,329 [INFO] IPUIPlugin:80 - create IPUIPlugin
2024-10-03 13:14:23,330 [INFO] PluginManager:220 - loadIPPluginJar : add opamp
2024-10-03 13:14:23,479 [INFO] IPUIPlugin:80 - create IPUIPlugin
2024-10-03 13:14:23,479 [INFO] PluginManager:220 - loadIPPluginJar : add openamp
2024-10-03 13:14:23,585 [INFO] IPUIPlugin:80 - create IPUIPlugin
2024-10-03 13:14:23,585 [INFO] PluginManager:220 - loadIPPluginJar : add pdm2pcm
2024-10-03 13:14:23,613 [INFO] IPUIPlugin:80 - create IPUIPlugin
2024-10-03 13:14:23,618 [INFO] PluginManager:220 - loadIPPluginJar : add plateformsettings
2024-10-03 13:14:23,666 [INFO] IPUIPlugin:80 - create IPUIPlugin
2024-10-03 13:14:23,667 [INFO] PluginManager:220 - loadIPPluginJar : add quadspi
2024-10-03 13:14:23,695 [INFO] IPUIPlugin:80 - create IPUIPlugin
2024-10-03 13:14:23,695 [INFO] PluginManager:220 - loadIPPluginJar : add resmgrutility
2024-10-03 13:14:23,807 [INFO] IPUIPlugin:80 - create IPUIPlugin
2024-10-03 13:14:23,807 [INFO] PluginManager:220 - loadIPPluginJar : add sai
2024-10-03 13:14:23,896 [INFO] IPUIPlugin:80 - create IPUIPlugin
2024-10-03 13:14:23,896 [INFO] PluginManager:220 - loadIPPluginJar : add spi
2024-10-03 13:14:24,058 [INFO] IPUIPlugin:80 - create IPUIPlugin
2024-10-03 13:14:24,058 [INFO] PluginManager:220 - loadIPPluginJar : add stm32_wpan
2024-10-03 13:14:24,110 [INFO] IPUIPlugin:80 - create IPUIPlugin
2024-10-03 13:14:24,110 [INFO] PluginManager:220 - loadIPPluginJar : add tim
2024-10-03 13:14:24,240 [INFO] IPUIPlugin:80 - create IPUIPlugin
2024-10-03 13:14:24,240 [INFO] PluginManager:220 - loadIPPluginJar : add touchsensing
2024-10-03 13:14:24,293 [INFO] IPUIPlugin:80 - create IPUIPlugin
2024-10-03 13:14:24,295 [INFO] PluginManager:220 - loadIPPluginJar : add tracer_emb
2024-10-03 13:14:24,347 [INFO] IPUIPlugin:80 - create IPUIPlugin
2024-10-03 13:14:24,348 [INFO] PluginManager:220 - loadIPPluginJar : add ts
2024-10-03 13:14:24,400 [INFO] IPUIPlugin:80 - create IPUIPlugin
2024-10-03 13:14:24,400 [INFO] PluginManager:220 - loadIPPluginJar : add tsc
2024-10-03 13:14:24,464 [INFO] IPUIPlugin:80 - create IPUIPlugin
2024-10-03 13:14:24,464 [INFO] PluginManager:220 - loadIPPluginJar : add ucpd
2024-10-03 13:14:24,568 [INFO] IPUIPlugin:80 - create IPUIPlugin
2024-10-03 13:14:24,568 [INFO] PluginManager:220 - loadIPPluginJar : add usart
2024-10-03 13:14:24,675 [INFO] IPUIPlugin:80 - create IPUIPlugin
2024-10-03 13:14:24,675 [INFO] PluginManager:220 - loadIPPluginJar : add usbx
2024-10-03 13:14:24,913 [INFO] CADModel:165 - CPN selected for project level
2024-10-03 13:14:24,914 [INFO] CADModel:114 - Register for checkConnection events
2024-10-03 13:14:24,914 [FATAL] Updater:308 - Updater called before beeing initialized
2024-10-03 13:14:24,914 [ERROR] CADModel:125 - Updater not yet initialized, retry later 
2024-10-03 13:14:25,192 [INFO] CADModel:165 - CPN selected for project level
2024-10-03 13:14:25,192 [INFO] CADModel:114 - Register for checkConnection events
2024-10-03 13:14:25,192 [FATAL] Updater:308 - Updater called before beeing initialized
2024-10-03 13:14:25,194 [ERROR] CADModel:125 - Updater not yet initialized, retry later 
2024-10-03 13:14:25,198 [FATAL] Updater:308 - Updater called before beeing initialized
2024-10-03 13:14:25,425 [INFO] ThirdPartyUpdaterWithRetryManager:70 - Updater plugin not ready yet. [3/15]
2024-10-03 13:14:25,480 [FATAL] Updater:308 - Updater called before beeing initialized
2024-10-03 13:14:25,495 [INFO] DbMcusAds:53 - JSON generation date=Fri Sep 20 20:04:23 ICT 2024 (1726837463113)
2024-10-03 13:14:25,495 [FATAL] Updater:308 - Updater called before beeing initialized
2024-10-03 13:14:25,632 [WARN] DetailPanel:346 - Failed to get advertising image, set to default
2024-10-03 13:14:25,819 [FATAL] Updater:308 - Updater called before beeing initialized
2024-10-03 13:14:25,823 [FATAL] Updater:308 - Updater called before beeing initialized
2024-10-03 13:14:25,823 [FATAL] Updater:308 - Updater called before beeing initialized
2024-10-03 13:14:25,823 [WARN] DetailPanel:346 - Failed to get advertising image, set to default
2024-10-03 13:14:25,824 [FATAL] Updater:308 - Updater called before beeing initialized
2024-10-03 13:14:25,965 [ERROR] Updater:1120 - MainUpdater not yet initialized. External WinMGr cannot be set.
2024-10-03 13:14:25,983 [INFO] Updater:1056 - Updater Version found : 6.10.0
2024-10-03 13:14:26,019 [INFO] ApplicationProperties:184 - Using Application install path: C:\ST\STM32CubeIDE_1.13.0\STM32CubeIDE\plugins\com.st.stm32cube.common.mx_6.10.0.202311202037
2024-10-03 13:14:26,950 [INFO] MainUpdater:2873 - connection check result : 10
2024-10-03 13:14:26,951 [INFO] MainUpdater:3567 - Updater definition file requires update
2024-10-03 13:14:26,954 [INFO] MainUpdater:290 - Updater Check For Update Now.
2024-10-03 13:14:26,954 [INFO] MicroXplorer:498 - Change Database Version : DB.6.0.100
2024-10-03 13:14:26,975 [INFO] McuFinderGlobals:63 - Set McuFinder mode to 2 (CubeIDE integrated)
2024-10-03 13:14:26,998 [INFO] UserAuth:404 - Internet connection configuration mode: 1
2024-10-03 13:14:27,048 [INFO] JxBrowserEngine:152 - Initiate JxBrowser Engine with user profile folder
2024-10-03 13:14:27,225 [INFO] ServerAccessManage:473 - Download File updaters.zip
2024-10-03 13:14:27,409 [INFO] FileExtend:240 - Unzip File : updaters.zip
2024-10-03 13:14:27,410 [INFO] FileExtend:255 - Standard Zip Deflate
2024-10-03 13:14:28,452 [WARN] MainUpdater:1194 - Updater busy. Cannot search thirdparties
2024-10-03 13:14:28,453 [INFO] ThirdPartyUpdaterWithRetryManager:96 - Updater plugin is busy. [1/15]
2024-10-03 13:14:28,622 [INFO] ServerAccessManage:473 - Download File PacksControlFlags.xml
2024-10-03 13:14:28,820 [INFO] ServerAccessManage:473 - Download File cubemx.pidx
2024-10-03 13:14:29,620 [INFO] ServerAccessManage:473 - Download File STMicroelectronics.X-CUBE-AI.pdsc
2024-10-03 13:14:31,182 [INFO] WebApp:161 - Instantiating new browser for Auth
2024-10-03 13:14:31,462 [WARN] MainUpdater:1194 - Updater busy. Cannot search thirdparties
2024-10-03 13:14:31,462 [INFO] ThirdPartyUpdaterWithRetryManager:96 - Updater plugin is busy. [2/15]
2024-10-03 13:14:32,403 [INFO] WebApp:780 - Register for checkConnection events
2024-10-03 13:14:32,404 [INFO] WebApp:414 - Apply proxy settings
2024-10-03 13:14:32,404 [INFO] WebApp:499 - Chromium requires no authentication
2024-10-03 13:14:32,421 [INFO] WebApp:442 - Direct internet connection detected
2024-10-03 13:14:32,749 [INFO] WebApp:192 - Starting web application
2024-10-03 13:14:32,749 [INFO] WebApp:544 - Web application path used C:\ST\STM32CubeIDE_1.13.0\STM32CubeIDE\plugins\com.st.stm32cube.common.mx_6.10.0.202311202037\db\plugins\mcufinder\reactClient1\index.html
2024-10-03 13:14:33,517 [WARN] PackLoader:240 - Cannot read IP mode file for STMicroelectronics.X-CUBE-AI.9.1.0
2024-10-03 13:14:33,526 [INFO] PopulateThirdPartyThread:66 - Ending populate Thread
2024-10-03 13:14:33,528 [INFO] ThirdParty:1030 - CMSIS Pack Vendor :STMicroelectronics X-CUBE-AI 9.1.0
2024-10-03 13:14:33,530 [INFO] LoadServerUpdatesThread:375 - End of LoadServerUpdate Thread
2024-10-03 13:14:33,682 [INFO] CheckServerUpdateThread:120 - End of CheckServer Thread
2024-10-03 13:14:35,015 [WARN] PackLoader:240 - Cannot read IP mode file for STMicroelectronics.X-CUBE-SMBUS.2.1.0
2024-10-03 13:14:35,031 [WARN] PackLoader:240 - Cannot read IP mode file for STMicroelectronics.X-CUBE-TOUCHGFX.4.23.0
2024-10-03 13:14:35,053 [WARN] PackLoader:240 - Cannot read IP mode file for STMicroelectronics.X-CUBE-TOUCHGFX.4.23.2
2024-10-03 13:14:35,125 [WARN] PackLoader:240 - Cannot read IP mode file for STMicroelectronics.X-CUBE-AZRTOS-F7.1.1.0
2024-10-03 13:14:35,162 [WARN] PackLoader:240 - Cannot read IP mode file for STMicroelectronics.FP-SNS-MOTENV1.4.3.2
2024-10-03 13:14:35,277 [WARN] PackLoader:240 - Cannot read IP mode file for STMicroelectronics.X-CUBE-MEMS1.11.0.0
2024-10-03 13:14:35,472 [WARN] PackLoader:240 - Cannot read IP mode file for STMicroelectronics.X-CUBE-BLE1.6.2.4
2024-10-03 13:14:35,498 [WARN] PackLoader:240 - Cannot read IP mode file for STMicroelectronics.X-CUBE-DISPLAY.3.0.0
2024-10-03 13:14:35,523 [WARN] PackLoader:240 - Cannot read IP mode file for STMicroelectronics.X-CUBE-BLE1.7.0.0
2024-10-03 13:14:35,545 [WARN] PackLoader:240 - Cannot read IP mode file for STMicroelectronics.X-CUBE-NFC10.1.0.0
2024-10-03 13:14:35,567 [WARN] PackLoader:240 - Cannot read IP mode file for emotas.I-CUBE-CANOPEN.1.3.0
2024-10-03 13:14:35,584 [WARN] PackLoader:240 - Cannot read IP mode file for STMicroelectronics.X-CUBE-TOUCHGFX.4.22.0
2024-10-03 13:14:35,599 [WARN] PackLoader:240 - Cannot read IP mode file for STMicroelectronics.X-CUBE-TOUCHGFX.4.22.1
2024-10-03 13:14:35,624 [WARN] PackLoader:240 - Cannot read IP mode file for STMicroelectronics.X-CUBE-BLEMGR.3.1.0
2024-10-03 13:14:35,649 [WARN] PackLoader:240 - Cannot read IP mode file for STMicroelectronics.FP-SNS-SMARTAG2.1.2.0
2024-10-03 13:14:35,676 [INFO] LogOutputStream:77 - [STDOUT_REDIRECT] 1 : Invalid condition id : UX_CORESTACK_Condition cause : null
2024-10-03 13:14:35,677 [INFO] LogOutputStream:77 - [STDOUT_REDIRECT] 1 : Invalid condition id : UX_CORESTACK_Condition cause : null
2024-10-03 13:14:35,681 [INFO] LogOutputStream:77 - [STDOUT_REDIRECT] 1 : Invalid condition id : UX_CORESTACK_Condition cause : null
2024-10-03 13:14:35,682 [INFO] LogOutputStream:77 - [STDOUT_REDIRECT] 1 : Invalid condition id : UX_CORESTACK_Condition cause : null
2024-10-03 13:14:35,685 [INFO] LogOutputStream:77 - [STDOUT_REDIRECT] 1 : Invalid condition id : UX_CORESTACK_Condition cause : null
2024-10-03 13:14:35,690 [WARN] PackLoader:240 - Cannot read IP mode file for STMicroelectronics.X-CUBE-AZRTOS-WL.2.0.0
2024-10-03 13:14:35,701 [WARN] PackLoader:240 - Cannot read IP mode file for wolfSSL.I-CUBE-wolfMQTT.1.19.0
2024-10-03 13:14:35,727 [WARN] PackLoader:240 - Cannot read IP mode file for WES.I-CUBE-Cesium.1.3.0
2024-10-03 13:14:35,749 [WARN] PackLoader:240 - Cannot read IP mode file for STMicroelectronics.X-CUBE-BLE2.3.3.0
2024-10-03 13:14:35,773 [WARN] PackLoader:240 - Cannot read IP mode file for STMicroelectronics.X-CUBE-NFC9.1.0.0
2024-10-03 13:14:35,796 [WARN] PackLoader:240 - Cannot read IP mode file for STMicroelectronics.X-CUBE-TCPP.4.1.0
2024-10-03 13:14:35,816 [WARN] PackLoader:240 - Cannot read IP mode file for STMicroelectronics.X-CUBE-ALGOBUILD.1.3.0
2024-10-03 13:14:35,863 [WARN] PackLoader:240 - Cannot read IP mode file for STMicroelectronics.X-CUBE-AZRTOS-G0.1.1.0
2024-10-03 13:14:35,887 [WARN] PackLoader:240 - Cannot read IP mode file for STMicroelectronics.X-CUBE-SAFEA1.1.2.2
2024-10-03 13:14:35,911 [WARN] PackLoader:240 - Cannot read IP mode file for STMicroelectronics.X-CUBE-NFC4.3.0.0
2024-10-03 13:14:35,932 [WARN] PackLoader:240 - Cannot read IP mode file for wolfSSL.I-CUBE-wolfMQTT.1.18.0
2024-10-03 13:14:35,963 [WARN] PackLoader:240 - Cannot read IP mode file for EmbeddedOffice.I-CUBE-FS-RTOS.1.0.1
2024-10-03 13:14:35,964 [ERROR] ConditionMgr:805 - Attr not supported : Dmpu
2024-10-03 13:14:35,964 [ERROR] ConditionMgr:805 - Attr not supported : Dmpu
2024-10-03 13:14:35,964 [ERROR] ConditionMgr:805 - Attr not supported : Dmpu
2024-10-03 13:14:35,964 [ERROR] ConditionMgr:805 - Attr not supported : Dmpu
2024-10-03 13:14:35,965 [ERROR] ConditionMgr:805 - Attr not supported : Dmpu
2024-10-03 13:14:35,965 [ERROR] ConditionMgr:805 - Attr not supported : Dmpu
2024-10-03 13:14:35,965 [ERROR] ConditionMgr:805 - Attr not supported : Dmpu
2024-10-03 13:14:35,965 [ERROR] ConditionMgr:805 - Attr not supported : Dmpu
2024-10-03 13:14:35,965 [ERROR] ConditionMgr:805 - Attr not supported : Dmpu
2024-10-03 13:14:35,965 [ERROR] ConditionMgr:805 - Attr not supported : Dmpu
2024-10-03 13:14:35,965 [ERROR] ConditionMgr:805 - Attr not supported : Dmpu
2024-10-03 13:14:35,965 [ERROR] ConditionMgr:805 - Attr not supported : Dmpu
2024-10-03 13:14:35,965 [ERROR] ConditionMgr:805 - Attr not supported : Dmpu
2024-10-03 13:14:35,965 [ERROR] ConditionMgr:805 - Attr not supported : Dmpu
2024-10-03 13:14:35,965 [ERROR] ConditionMgr:805 - Attr not supported : Dmpu
2024-10-03 13:14:35,965 [ERROR] ConditionMgr:805 - Attr not supported : Dmpu
2024-10-03 13:14:35,965 [ERROR] ConditionMgr:805 - Attr not supported : Dmpu
2024-10-03 13:14:35,965 [ERROR] ConditionMgr:805 - Attr not supported : Dmpu
2024-10-03 13:14:35,965 [ERROR] ConditionMgr:805 - Attr not supported : Dmpu
2024-10-03 13:14:35,966 [ERROR] ConditionMgr:805 - Attr not supported : Dmpu
2024-10-03 13:14:35,966 [ERROR] ConditionMgr:805 - Attr not supported : Dmpu
2024-10-03 13:14:35,966 [ERROR] ConditionMgr:805 - Attr not supported : Dmpu
2024-10-03 13:14:35,966 [ERROR] ConditionMgr:805 - Attr not supported : Dmpu
2024-10-03 13:14:35,966 [ERROR] ConditionMgr:805 - Attr not supported : Dmpu
2024-10-03 13:14:35,966 [ERROR] ConditionMgr:805 - Attr not supported : Dmpu
2024-10-03 13:14:35,967 [ERROR] ConditionMgr:805 - Attr not supported : Dmpu
2024-10-03 13:14:35,967 [ERROR] ConditionMgr:805 - Attr not supported : Dmpu
2024-10-03 13:14:35,968 [ERROR] ConditionMgr:805 - Attr not supported : Dmpu
2024-10-03 13:14:35,968 [ERROR] ConditionMgr:805 - Attr not supported : Dmpu
2024-10-03 13:14:35,968 [ERROR] ConditionMgr:805 - Attr not supported : Dmpu
2024-10-03 13:14:35,968 [ERROR] ConditionMgr:805 - Attr not supported : Dmpu
2024-10-03 13:14:35,968 [ERROR] ConditionMgr:805 - Attr not supported : Dmpu
2024-10-03 13:14:35,969 [ERROR] ConditionMgr:805 - Attr not supported : Dmpu
2024-10-03 13:14:35,969 [ERROR] ConditionMgr:805 - Attr not supported : Dmpu
2024-10-03 13:14:35,969 [ERROR] ConditionMgr:805 - Attr not supported : Dmpu
2024-10-03 13:14:35,969 [ERROR] ConditionMgr:805 - Attr not supported : Dmpu
2024-10-03 13:14:35,969 [ERROR] ConditionMgr:805 - Attr not supported : Dmpu
2024-10-03 13:14:35,969 [ERROR] ConditionMgr:805 - Attr not supported : Dmpu
2024-10-03 13:14:35,970 [ERROR] ConditionMgr:805 - Attr not supported : Dmpu
2024-10-03 13:14:35,970 [ERROR] ConditionMgr:805 - Attr not supported : Dmpu
2024-10-03 13:14:35,970 [ERROR] ConditionMgr:805 - Attr not supported : Dmpu
2024-10-03 13:14:35,970 [ERROR] ConditionMgr:805 - Attr not supported : Dmpu
2024-10-03 13:14:35,970 [ERROR] ConditionMgr:805 - Attr not supported : Dmpu
2024-10-03 13:14:35,970 [ERROR] ConditionMgr:805 - Attr not supported : Dmpu
2024-10-03 13:14:35,970 [ERROR] ConditionMgr:805 - Attr not supported : Dmpu
2024-10-03 13:14:35,970 [ERROR] ConditionMgr:805 - Attr not supported : Dmpu
2024-10-03 13:14:35,971 [ERROR] ConditionMgr:805 - Attr not supported : Dmpu
2024-10-03 13:14:35,971 [ERROR] ConditionMgr:805 - Attr not supported : Dmpu
2024-10-03 13:14:35,971 [ERROR] ConditionMgr:805 - Attr not supported : Dmpu
2024-10-03 13:14:35,971 [ERROR] ConditionMgr:805 - Attr not supported : Dmpu
2024-10-03 13:14:35,971 [ERROR] ConditionMgr:805 - Attr not supported : Dmpu
2024-10-03 13:14:35,971 [ERROR] ConditionMgr:805 - Attr not supported : Dmpu
2024-10-03 13:14:35,971 [ERROR] ConditionMgr:805 - Attr not supported : Dmpu
2024-10-03 13:14:35,971 [ERROR] ConditionMgr:805 - Attr not supported : Dmpu
2024-10-03 13:14:35,972 [ERROR] ConditionMgr:805 - Attr not supported : Dmpu
2024-10-03 13:14:35,972 [ERROR] ConditionMgr:805 - Attr not supported : Dmpu
2024-10-03 13:14:35,972 [ERROR] ConditionMgr:805 - Attr not supported : Dmpu
2024-10-03 13:14:35,972 [ERROR] ConditionMgr:805 - Attr not supported : Dmpu
2024-10-03 13:14:35,972 [ERROR] ConditionMgr:805 - Attr not supported : Dmpu
2024-10-03 13:14:35,972 [ERROR] ConditionMgr:805 - Attr not supported : Dmpu
2024-10-03 13:14:35,972 [ERROR] ConditionMgr:805 - Attr not supported : Dmpu
2024-10-03 13:14:35,972 [ERROR] ConditionMgr:805 - Attr not supported : Dmpu
2024-10-03 13:14:35,972 [ERROR] ConditionMgr:805 - Attr not supported : Dmpu
2024-10-03 13:14:35,972 [ERROR] ConditionMgr:805 - Attr not supported : Dmpu
2024-10-03 13:14:36,000 [WARN] PackLoader:240 - Cannot read IP mode file for STMicroelectronics.X-CUBE-BLEMGR.3.0.0
2024-10-03 13:14:36,027 [WARN] PackLoader:240 - Cannot read IP mode file for RealThread.X-CUBE-RT-Thread_Nano.4.1.1
2024-10-03 13:14:36,038 [WARN] PackLoader:240 - Cannot read IP mode file for STMicroelectronics.FP-ATR-SIGFOX1.3.2.0
2024-10-03 13:14:36,098 [WARN] PackLoader:240 - Cannot read IP mode file for SEGGER.I-CUBE-embOS.1.3.1
2024-10-03 13:14:36,159 [WARN] PackLoader:240 - Cannot read IP mode file for STMicroelectronics.X-CUBE-ALGOBUILD.1.4.0
2024-10-03 13:14:36,167 [WARN] PackLoader:240 - Cannot read IP mode file for STMicroelectronics.X-CUBE-AI.9.1.0
2024-10-03 13:14:36,191 [WARN] PackLoader:240 - Cannot read IP mode file for STMicroelectronics.X-CUBE-GNSS1.6.0.0
2024-10-03 13:14:36,232 [WARN] PackLoader:240 - Cannot read IP mode file for STMicroelectronics.X-CUBE-AZRTOS-F4.1.1.0
2024-10-03 13:14:36,254 [WARN] PackLoader:240 - Cannot read IP mode file for wolfSSL.I-CUBE-wolfSSL.5.6.3
2024-10-03 13:14:36,273 [WARN] PackLoader:240 - Cannot read IP mode file for STMicroelectronics.X-CUBE-ISPU.2.1.0
2024-10-03 13:14:36,298 [WARN] PackLoader:240 - Cannot read IP mode file for STMicroelectronics.X-CUBE-FREERTOS.1.2.0
2024-10-03 13:14:36,340 [WARN] PackLoader:240 - Cannot read IP mode file for STMicroelectronics.X-CUBE-AZRTOS-L5.2.0.0
2024-10-03 13:14:36,414 [WARN] PackLoader:240 - Cannot read IP mode file for STMicroelectronics.X-CUBE-MEMS1.9.6.0
2024-10-03 13:14:36,602 [WARN] PackLoader:240 - Cannot read IP mode file for STMicroelectronics.X-CUBE-EEPRMA1.4.2.0
2024-10-03 13:14:36,628 [WARN] PackLoader:240 - Cannot read IP mode file for STMicroelectronics.X-CUBE-NFC6.3.1.0
2024-10-03 13:14:36,652 [WARN] PackLoader:240 - Cannot read IP mode file for ITTIA_DB.I-CUBE-ITTIADB.8.8.0
2024-10-03 13:14:36,686 [WARN] PackLoader:240 - Cannot read IP mode file for STMicroelectronics.X-CUBE-BLEMGR.2.0.0
2024-10-03 13:14:36,716 [WARN] PackLoader:240 - Cannot read IP mode file for STMicroelectronics.X-CUBE-DPower.1.2.0
2024-10-03 13:14:36,741 [WARN] PackLoader:240 - Cannot read IP mode file for STMicroelectronics.X-CUBE-AI.9.0.0
2024-10-03 13:14:36,778 [WARN] ConditionMgr:438 - getConditionDescription Invalid condition id : UX DEVICE CLASS RTOS Condition cause : null
2024-10-03 13:14:36,779 [WARN] ConditionMgr:438 - getConditionDescription Invalid condition id : UX DEVICE CLASS RTOS Condition cause : null
2024-10-03 13:14:36,782 [WARN] PackLoader:240 - Cannot read IP mode file for STMicroelectronics.X-CUBE-AZRTOS-H7.3.1.0
2024-10-03 13:14:36,784 [WARN] ConditionMgr:1039 - genDependencies : Invalid condition id : UX DEVICE CLASS RTOS Condition cause : null
2024-10-03 13:14:36,784 [WARN] ConditionMgr:1039 - genDependencies : Invalid condition id : UX DEVICE CLASS RTOS Condition cause : null
2024-10-03 13:14:36,784 [WARN] ConditionMgr:1039 - genDependencies : Invalid condition id : UX DEVICE CLASS RTOS Condition cause : null
2024-10-03 13:14:36,786 [WARN] ConditionMgr:1039 - genDependencies : Invalid condition id : UX DEVICE CLASS RTOS Condition cause : null
2024-10-03 13:14:36,786 [WARN] ConditionMgr:1039 - genDependencies : Invalid condition id : UX DEVICE CLASS RTOS Condition cause : null
2024-10-03 13:14:36,807 [WARN] PackLoader:240 - Cannot read IP mode file for STMicroelectronics.X-CUBE-NFC7.1.0.1
2024-10-03 13:14:36,817 [WARN] PackLoader:240 - Cannot read IP mode file for wolfSSL.I-CUBE-wolfTPM.3.2.0
2024-10-03 13:14:36,841 [WARN] PackLoader:240 - Cannot read IP mode file for STMicroelectronics.X-CUBE-NFC6.3.0.0
2024-10-03 13:14:36,863 [WARN] PackLoader:240 - Cannot read IP mode file for STMicroelectronics.X-CUBE-EEPRMA1.4.1.0
2024-10-03 13:14:36,882 [WARN] PackLoader:240 - Cannot read IP mode file for STMicroelectronics.X-CUBE-AI.8.1.0
2024-10-03 13:14:36,931 [WARN] ConditionMgr:438 - getConditionDescription Invalid condition id : LAN8742 Phy interface Condition cause : null
2024-10-03 13:14:36,932 [WARN] PackLoader:240 - Cannot read IP mode file for STMicroelectronics.X-CUBE-AZRTOS-L4.2.0.0
2024-10-03 13:14:36,933 [WARN] ConditionMgr:1039 - genDependencies : Invalid condition id : LAN8742 Phy interface Condition cause : null
2024-10-03 13:14:36,934 [WARN] ConditionMgr:1039 - genDependencies : Invalid condition id : LAN8742 Phy interface Condition cause : null
2024-10-03 13:14:36,935 [WARN] ConditionMgr:1039 - genDependencies : Invalid condition id : LAN8742 Phy interface Condition cause : null
2024-10-03 13:14:36,956 [WARN] PackLoader:240 - Cannot read IP mode file for STMicroelectronics.X-CUBE-SFXS2LP1.4.0.0
2024-10-03 13:14:36,971 [WARN] PackLoader:240 - Cannot read IP mode file for STMicroelectronics.X-CUBE-ISPU.1.1.0
2024-10-03 13:14:37,006 [WARN] PackLoader:240 - Cannot read IP mode file for STMicroelectronics.X-CUBE-AZRTOS-H7.3.3.0
2024-10-03 13:14:37,048 [WARN] ConditionMgr:438 - getConditionDescription Invalid condition id : UX DEVICE CLASS RTOS Condition cause : null
2024-10-03 13:14:37,048 [WARN] ConditionMgr:438 - getConditionDescription Invalid condition id : UX DEVICE CLASS RTOS Condition cause : null
2024-10-03 13:14:37,050 [WARN] PackLoader:240 - Cannot read IP mode file for STMicroelectronics.X-CUBE-AZRTOS-WB.2.0.0
2024-10-03 13:14:37,051 [WARN] ConditionMgr:1039 - genDependencies : Invalid condition id : UX DEVICE CLASS RTOS Condition cause : null
2024-10-03 13:14:37,052 [WARN] ConditionMgr:1039 - genDependencies : Invalid condition id : UX DEVICE CLASS RTOS Condition cause : null
2024-10-03 13:14:37,052 [WARN] ConditionMgr:1039 - genDependencies : Invalid condition id : UX DEVICE CLASS RTOS Condition cause : null
2024-10-03 13:14:37,053 [WARN] ConditionMgr:1039 - genDependencies : Invalid condition id : UX DEVICE CLASS RTOS Condition cause : null
2024-10-03 13:14:37,053 [WARN] ConditionMgr:1039 - genDependencies : Invalid condition id : UX DEVICE CLASS RTOS Condition cause : null
2024-10-03 13:14:37,073 [WARN] PackLoader:240 - Cannot read IP mode file for STMicroelectronics.X-CUBE-FREERTOS.1.0.1
2024-10-03 13:14:37,092 [WARN] PackLoader:240 - Cannot read IP mode file for STMicroelectronics.X-CUBE-GNSS1.7.0.0
2024-10-03 13:14:37,141 [WARN] PackLoader:240 - Cannot read IP mode file for STMicroelectronics.FP-SNS-STBOX1.2.0.0
2024-10-03 13:14:37,181 [WARN] PackLoader:240 - Cannot read IP mode file for STMicroelectronics.X-CUBE-AI.8.0.1
2024-10-03 13:14:37,217 [WARN] PackLoader:240 - Cannot read IP mode file for STMicroelectronics.X-CUBE-SUBG2.5.0.0
2024-10-03 13:14:37,253 [WARN] PackLoader:240 - Cannot read IP mode file for STMicroelectronics.X-CUBE-TOF1.3.3.1
2024-10-03 13:14:37,296 [WARN] PackLoader:240 - Cannot read IP mode file for STMicroelectronics.X-CUBE-AZRTOS-G4.2.0.0
2024-10-03 13:14:37,342 [WARN] PackLoader:240 - Cannot read IP mode file for Infineon.AIROC-Wi-Fi-Bluetooth-STM32.1.5.1
2024-10-03 13:14:37,370 [WARN] PackLoader:240 - Cannot read IP mode file for STMicroelectronics.FP-SNS-MOTENVWB1.1.3.0
2024-10-03 13:14:37,392 [WARN] PackLoader:240 - Cannot read IP mode file for STMicroelectronics.FP-SNS-MOTENVWB1.1.3.1
2024-10-03 13:14:37,415 [WARN] PackLoader:240 - Cannot read IP mode file for STMicroelectronics.X-CUBE-ISPU.2.0.0
2024-10-03 13:14:37,445 [WARN] PackLoader:240 - Cannot read IP mode file for STMicroelectronics.X-CUBE-ALS.1.0.2
2024-10-03 13:14:37,536 [WARN] PackLoader:240 - Cannot read IP mode file for STMicroelectronics.X-CUBE-MEMS1.10.0.0
2024-10-03 13:14:37,764 [WARN] PackLoader:240 - Cannot read IP mode file for STMicroelectronics.X-CUBE-FREERTOS.1.1.0
2024-10-03 13:14:37,793 [WARN] PackLoader:240 - Cannot read IP mode file for STMicroelectronics.X-CUBE-TOUCHGFX.4.24.0
2024-10-03 13:14:37,820 [WARN] PackLoader:240 - Cannot read IP mode file for STMicroelectronics.X-CUBE-TOUCHGFX.4.24.1
2024-10-03 13:14:37,855 [WARN] PackLoader:240 - Cannot read IP mode file for portGmbH.I-Cube-SoM-uGOAL.1.1.0
2024-10-03 13:14:37,876 [WARN] PackLoader:240 - Cannot read IP mode file for STMicroelectronics.X-CUBE-ALS.1.0.1
2024-10-03 13:14:37,927 [WARN] PackLoader:240 - Cannot read IP mode file for STMicroelectronics.X-CUBE-AZRTOS-H7RS.1.0.0
2024-10-03 13:14:37,938 [WARN] PackLoader:240 - Cannot read IP mode file for STMicroelectronics.FP-ATR-ASTRA1.2.0.0
2024-10-03 13:14:37,959 [WARN] PackLoader:240 - Cannot read IP mode file for STMicroelectronics.X-CUBE-TOF1.3.4.2
2024-10-03 13:14:37,989 [WARN] PackLoader:240 - Cannot read IP mode file for STMicroelectronics.X-CUBE-TOF1.3.4.0
2024-10-03 13:14:38,034 [WARN] PackLoader:240 - Cannot read IP mode file for STMicroelectronics.X-CUBE-TOF1.3.4.1
2024-10-03 13:14:38,096 [WARN] PackLoader:240 - Cannot read IP mode file for STMicroelectronics.X-CUBE-AZRTOS-H7.3.2.0
2024-10-03 13:14:38,111 [WARN] PackLoader:240 - Cannot read IP mode file for wolfSSL.I-CUBE-wolfSSH.1.4.17
2024-10-03 13:14:38,112 [INFO] ThirdParty:978 - Integrity check success = true
2024-10-03 13:14:38,113 [INFO] IntegrityCheckThread:100 - exiting critical section [integrity check]
2024-10-03 13:14:38,113 [INFO] IntegrityCheckThread:103 - End integrity checks thread
2024-10-03 13:14:38,454 [ERROR] LogOutputStream:75 - [STDERR_REDIRECT] SLF4J: Failed to load class "org.slf4j.impl.StaticLoggerBinder".
2024-10-03 13:14:38,454 [ERROR] LogOutputStream:75 - [STDERR_REDIRECT] SLF4J: Defaulting to no-operation (NOP) logger implementation
2024-10-03 13:14:38,456 [ERROR] LogOutputStream:75 - [STDERR_REDIRECT] SLF4J: See http://www.slf4j.org/codes.html#StaticLoggerBinder for further details.
